2024-06-13 21:23:25,935 [INFO] Activator:176 - 


2024-06-13 21:23:25,938 [INFO] Activator:177 - !SESSION log4j initialized
2024-06-13 21:23:29,119 [INFO] LogOutputStream:77 - [STDOUT_REDIRECT] 
2024-06-13 21:23:31,907 [INFO] ApplicationProperties:184 - Using Application install path: C:\ST\STM32CubeIDE_1.13.2\STM32CubeIDE\plugins\com.st.stm32cube.common.mx_6.9.2.202309101412
2024-06-13 21:23:31,931 [INFO] DbMcusXml:78 - Set database path to: C:\ST\STM32CubeIDE_1.13.2\STM32CubeIDE\plugins\com.st.stm32cube.common.mx_6.9.2.202309101412\\db\/mcu/
2024-06-13 21:23:31,932 [INFO] ApiDb:274 - Set plugin database path to: C:\ST\STM32CubeIDE_1.13.2\STM32CubeIDE\plugins\com.st.stm32cube.common.mx_6.9.2.202309101412\\db\/plugins/boardmanager/
2024-06-13 21:23:31,933 [WARN] ApiDb:259 - Overriding images path with different value:  => C:\ST\STM32CubeIDE_1.13.2\STM32CubeIDE\plugins\com.st.stm32cube.common.mx_6.9.2.202309101412\\db\/plugins/mcufinder/images/
2024-06-13 21:23:31,947 [INFO] ApiDb:250 - Set database path to: C:\Users\nghia\.stmcufinder\plugins\mcufinder//mcu/
2024-06-13 21:23:31,949 [INFO] DbMcusAds:125 - Set database path to: C:\Users\nghia\.stmcufinder\plugins\mcufinder//mcu/
2024-06-13 21:23:31,953 [INFO] CrossReferenceDbSqlite:203 - Set database path to: C:\Users\nghia\.stmcufinder\plugins\mcufinder//mcu/cs/
2024-06-13 21:23:32,124 [INFO] RulesReader:64 - Compatibility file has been processed (293 Rules)
2024-06-13 21:23:32,238 [INFO] DbMcusXml:78 - Set database path to: C:\ST\STM32CubeIDE_1.13.2\STM32CubeIDE\plugins\com.st.stm32cube.common.mx_6.9.2.202309101412\\db\/mcu/
2024-06-13 21:23:32,239 [INFO] ApiDb:274 - Set plugin database path to: C:\ST\STM32CubeIDE_1.13.2\STM32CubeIDE\plugins\com.st.stm32cube.common.mx_6.9.2.202309101412\\db\/plugins/boardmanager/
2024-06-13 21:23:32,239 [INFO] ApiDb:261 - Set plugin images path to: C:\ST\STM32CubeIDE_1.13.2\STM32CubeIDE\plugins\com.st.stm32cube.common.mx_6.9.2.202309101412\\db\/plugins/mcufinder/images/
2024-06-13 21:23:32,239 [WARN] DbFile:41 - Overriding database path with different value: C:\Users\nghia\.stmcufinder\plugins\mcufinder/ => C:\Users\nghia\.stmcufinder\plugins\mcufinder
2024-06-13 21:23:32,239 [INFO] ApiDb:250 - Set database path to: C:\Users\nghia\.stmcufinder\plugins\mcufinder//mcu/
2024-06-13 21:23:32,239 [WARN] DbFile:41 - Overriding database path with different value: C:\Users\nghia\.stmcufinder\plugins\mcufinder/ => C:\Users\nghia\.stmcufinder\plugins\mcufinder
2024-06-13 21:23:32,239 [INFO] DbMcusAds:125 - Set database path to: C:\Users\nghia\.stmcufinder\plugins\mcufinder//mcu/
2024-06-13 21:23:32,240 [WARN] DbFile:41 - Overriding database path with different value: C:\Users\nghia\.stmcufinder\plugins\mcufinder/ => C:\Users\nghia\.stmcufinder\plugins\mcufinder
2024-06-13 21:23:32,240 [WARN] DbFile:41 - Overriding database path with different value: C:\Users\nghia\.stmcufinder\plugins\mcufinder/ => C:\Users\nghia\.stmcufinder\plugins\mcufinder
2024-06-13 21:23:32,240 [INFO] CrossReferenceDbSqlite:203 - Set database path to: C:\Users\nghia\.stmcufinder\plugins\mcufinder//mcu/cs/
2024-06-13 21:23:32,369 [INFO] MainPanel:262 - HeapMemory: 268435456
2024-06-13 21:23:32,474 [INFO] DbMcusXml:78 - Set database path to: C:\ST\STM32CubeIDE_1.13.2\STM32CubeIDE\plugins\com.st.stm32cube.common.mx_6.9.2.202309101412\\db\/mcu/
2024-06-13 21:23:32,475 [INFO] ApiDb:274 - Set plugin database path to: C:\ST\STM32CubeIDE_1.13.2\STM32CubeIDE\plugins\com.st.stm32cube.common.mx_6.9.2.202309101412\\db\/plugins/boardmanager/
2024-06-13 21:23:32,475 [INFO] ApiDb:261 - Set plugin images path to: C:\ST\STM32CubeIDE_1.13.2\STM32CubeIDE\plugins\com.st.stm32cube.common.mx_6.9.2.202309101412\\db\/plugins/mcufinder/images/
2024-06-13 21:23:32,475 [WARN] DbFile:41 - Overriding database path with different value: C:\Users\nghia\.stmcufinder\plugins\mcufinder/ => C:\Users\nghia\.stmcufinder\plugins\mcufinder
2024-06-13 21:23:32,475 [INFO] ApiDb:250 - Set database path to: C:\Users\nghia\.stmcufinder\plugins\mcufinder//mcu/
2024-06-13 21:23:32,475 [WARN] DbFile:41 - Overriding database path with different value: C:\Users\nghia\.stmcufinder\plugins\mcufinder/ => C:\Users\nghia\.stmcufinder\plugins\mcufinder
2024-06-13 21:23:32,476 [INFO] DbMcusAds:125 - Set database path to: C:\Users\nghia\.stmcufinder\plugins\mcufinder//mcu/
2024-06-13 21:23:32,476 [WARN] DbFile:41 - Overriding database path with different value: C:\Users\nghia\.stmcufinder\plugins\mcufinder/ => C:\Users\nghia\.stmcufinder\plugins\mcufinder
2024-06-13 21:23:32,476 [WARN] DbFile:41 - Overriding database path with different value: C:\Users\nghia\.stmcufinder\plugins\mcufinder/ => C:\Users\nghia\.stmcufinder\plugins\mcufinder
2024-06-13 21:23:32,476 [INFO] CrossReferenceDbSqlite:203 - Set database path to: C:\Users\nghia\.stmcufinder\plugins\mcufinder//mcu/cs/
2024-06-13 21:23:32,502 [INFO] ApplicationProperties:184 - Using Application install path: C:\ST\STM32CubeIDE_1.13.2\STM32CubeIDE\plugins\com.st.stm32cube.common.mx_6.9.2.202309101412
2024-06-13 21:23:32,505 [INFO] PluginManage:196 - Search for loadable plugins [exclusion list=, ]
2024-06-13 21:23:32,506 [INFO] PluginManage:310 - Check plugin analytics
2024-06-13 21:23:32,776 [INFO] AnalyticsPlugin:253 - Accepted Software Licenses: STM32CubeMX.6.9.2,STM32CubeMX.6.11.1
2024-06-13 21:23:32,777 [INFO] AnalyticsPlugin:255 - Accepted CMSIS Pack Licenses: 
2024-06-13 21:23:32,778 [INFO] AnalyticsPlugin:257 - Accepted Firmware Licenses: FW.F4.1.27.0,FW.H7.1.11.0,FW.F4.1.28.0
2024-06-13 21:23:32,785 [INFO] PluginManage:359 - Loaded plugin analytics (category:tool,tabindex:-1)
2024-06-13 21:23:32,786 [INFO] PluginManage:310 - Check plugin cadmodel
2024-06-13 21:23:32,793 [INFO] CADModel:105 - Init CAD model plugin
2024-06-13 21:23:32,794 [INFO] PluginManage:359 - Loaded plugin cadmodel (category:power,tabindex:5)
2024-06-13 21:23:32,794 [INFO] PluginManage:310 - Check plugin clock
2024-06-13 21:23:32,811 [INFO] PluginManage:359 - Loaded plugin clock (category:base,tabindex:2)
2024-06-13 21:23:32,811 [INFO] PluginManage:310 - Check plugin ddr
2024-06-13 21:23:32,817 [INFO] PluginManage:359 - Loaded plugin ddr (category:tool,tabindex:6)
2024-06-13 21:23:32,817 [INFO] PluginManage:310 - Check plugin filemanager
2024-06-13 21:23:33,021 [INFO] PluginManage:359 - Loaded plugin filemanager (category:base,tabindex:10)
2024-06-13 21:23:33,022 [INFO] PluginManage:310 - Check plugin ipmanager
2024-06-13 21:23:33,035 [INFO] PluginManage:359 - Loaded plugin ipmanager (category:base,tabindex:5)
2024-06-13 21:23:33,036 [INFO] PluginManage:310 - Check plugin lpbam
2024-06-13 21:23:33,051 [INFO] PluginManage:359 - Loaded plugin lpbam (category:base,tabindex:0)
2024-06-13 21:23:33,052 [INFO] PluginManage:310 - Check plugin memorymap
2024-06-13 21:23:33,071 [INFO] PluginManage:359 - Loaded plugin memorymap (category:base,tabindex:4)
2024-06-13 21:23:33,072 [INFO] PluginManage:310 - Check plugin pinoutandconfiguration
2024-06-13 21:23:33,088 [INFO] PluginManage:359 - Loaded plugin pinoutandconfiguration (category:base,tabindex:1)
2024-06-13 21:23:33,088 [INFO] PluginManage:310 - Check plugin pinoutconfig
2024-06-13 21:23:33,233 [WARN] SupportedApi:132 - Cannot load RTOS API schema: s4s-elt-must-match.1: The content of 'definitions' must match (annotation?, (simpleType | complexType)?, (unique | key | keyref)*)). A problem was found starting at: attribute.
2024-06-13 21:23:33,500 [INFO] PluginManage:359 - Loaded plugin pinoutconfig (category:base,tabindex:0)
2024-06-13 21:23:33,500 [INFO] PluginManage:310 - Check plugin power
2024-06-13 21:23:33,532 [INFO] PluginManage:359 - Loaded plugin power (category:power,tabindex:4)
2024-06-13 21:23:33,532 [INFO] PluginManage:310 - Check plugin projectmanager
2024-06-13 21:23:33,568 [INFO] PluginManage:359 - Loaded plugin projectmanager (category:projectmanager,tabindex:3)
2024-06-13 21:23:33,568 [INFO] PluginManage:310 - Check plugin thirdparty
2024-06-13 21:23:33,795 [WARN] IntegrityCheckThread:84 - waiting for thirdparty lock release [integrity check]
2024-06-13 21:23:33,796 [INFO] IntegrityCheckThread:86 - entering critical section [integrity check]
2024-06-13 21:23:33,797 [INFO] PluginManage:359 - Loaded plugin thirdparty (category:base,tabindex:-1)
2024-06-13 21:23:33,798 [INFO] PluginManage:310 - Check plugin tools
2024-06-13 21:23:33,798 [INFO] ThirdPartyUpdaterWithRetryManager:70 - Updater plugin not ready yet. [1/15]
2024-06-13 21:23:33,802 [INFO] PluginManage:359 - Loaded plugin tools (category:base,tabindex:7)
2024-06-13 21:23:33,803 [INFO] PluginManage:310 - Check plugin tutovideos
2024-06-13 21:23:34,036 [INFO] PluginManage:359 - Loaded plugin tutovideos (category:base,tabindex:-1)
2024-06-13 21:23:34,036 [INFO] PluginManage:310 - Check plugin updater
2024-06-13 21:23:34,048 [INFO] PluginManage:359 - Loaded plugin updater (category:base,tabindex:12)
2024-06-13 21:23:34,048 [INFO] PluginManage:310 - Check plugin userauth
2024-06-13 21:23:34,054 [INFO] UserAuth:113 - Init User Auth plugin
2024-06-13 21:23:34,055 [INFO] PluginManage:359 - Loaded plugin userauth (category:base,tabindex:14)
2024-06-13 21:23:34,055 [INFO] PluginManage:283 - PluginManage : Loaded plugins [17]
2024-06-13 21:23:34,314 [INFO] PinOutPanel:1499 - setPackage(No Configuration,No Configuration)
2024-06-13 21:23:34,471 [INFO] CADModel:165 - CPN selected for project level
2024-06-13 21:23:34,471 [INFO] CADModel:114 - Register for checkConnection events
2024-06-13 21:23:34,497 [INFO] IPUIPlugin:80 - create IPUIPlugin
2024-06-13 21:23:34,498 [INFO] PluginManager:220 - loadIPPluginJar : add adc
2024-06-13 21:23:34,502 [INFO] IPUIPlugin:80 - create IPUIPlugin
2024-06-13 21:23:34,502 [INFO] PluginManager:220 - loadIPPluginJar : add aes
2024-06-13 21:23:34,505 [INFO] IPUIPlugin:80 - create IPUIPlugin
2024-06-13 21:23:34,505 [INFO] PluginManager:220 - loadIPPluginJar : add can
2024-06-13 21:23:34,507 [INFO] IPUIPlugin:80 - create IPUIPlugin
2024-06-13 21:23:34,508 [INFO] PluginManager:220 - loadIPPluginJar : add comp
2024-06-13 21:23:34,512 [INFO] IPUIPlugin:80 - create IPUIPlugin
2024-06-13 21:23:34,514 [INFO] PluginManager:220 - loadIPPluginJar : add cryp
2024-06-13 21:23:34,516 [INFO] IPUIPlugin:80 - create IPUIPlugin
2024-06-13 21:23:34,518 [INFO] PluginManager:220 - loadIPPluginJar : add dfsdm
2024-06-13 21:23:34,523 [INFO] IPUIPlugin:80 - create IPUIPlugin
2024-06-13 21:23:34,524 [INFO] PluginManager:220 - loadIPPluginJar : add dma
2024-06-13 21:23:34,528 [INFO] IPUIPlugin:80 - create IPUIPlugin
2024-06-13 21:23:34,528 [INFO] PluginManager:220 - loadIPPluginJar : add dma3
2024-06-13 21:23:34,532 [INFO] IPUIPlugin:80 - create IPUIPlugin
2024-06-13 21:23:34,532 [INFO] PluginManager:220 - loadIPPluginJar : add fatfs
2024-06-13 21:23:34,538 [INFO] IPUIPlugin:80 - create IPUIPlugin
2024-06-13 21:23:34,538 [INFO] PluginManager:220 - loadIPPluginJar : add fmc
2024-06-13 21:23:34,545 [INFO] IPUIPlugin:80 - create IPUIPlugin
2024-06-13 21:23:34,545 [INFO] PluginManager:220 - loadIPPluginJar : add freertos
2024-06-13 21:23:34,548 [INFO] IPUIPlugin:80 - create IPUIPlugin
2024-06-13 21:23:34,548 [INFO] PluginManager:220 - loadIPPluginJar : add genericplugin
2024-06-13 21:23:34,550 [INFO] IPUIPlugin:80 - create IPUIPlugin
2024-06-13 21:23:34,551 [INFO] PluginManager:220 - loadIPPluginJar : add gfxmmu
2024-06-13 21:23:34,559 [INFO] IPUIPlugin:80 - create IPUIPlugin
2024-06-13 21:23:34,559 [INFO] PluginManager:220 - loadIPPluginJar : add gic
2024-06-13 21:23:34,567 [INFO] IPUIPlugin:80 - create IPUIPlugin
2024-06-13 21:23:34,567 [INFO] PluginManager:220 - loadIPPluginJar : add gpio
2024-06-13 21:23:34,571 [INFO] IPUIPlugin:80 - create IPUIPlugin
2024-06-13 21:23:34,571 [INFO] PluginManager:220 - loadIPPluginJar : add gtzc
2024-06-13 21:23:34,574 [INFO] IPUIPlugin:80 - create IPUIPlugin
2024-06-13 21:23:34,576 [INFO] PluginManager:220 - loadIPPluginJar : add hash
2024-06-13 21:23:34,580 [INFO] IPUIPlugin:80 - create IPUIPlugin
2024-06-13 21:23:34,580 [INFO] PluginManager:220 - loadIPPluginJar : add i2c
2024-06-13 21:23:34,584 [INFO] IPUIPlugin:80 - create IPUIPlugin
2024-06-13 21:23:34,584 [INFO] PluginManager:220 - loadIPPluginJar : add i2s
2024-06-13 21:23:34,588 [INFO] IPUIPlugin:80 - create IPUIPlugin
2024-06-13 21:23:34,588 [INFO] PluginManager:220 - loadIPPluginJar : add i3c
2024-06-13 21:23:34,592 [INFO] IPUIPlugin:80 - create IPUIPlugin
2024-06-13 21:23:34,592 [INFO] PluginManager:220 - loadIPPluginJar : add ipddr
2024-06-13 21:23:34,605 [INFO] IPUIPlugin:80 - create IPUIPlugin
2024-06-13 21:23:34,605 [INFO] PluginManager:220 - loadIPPluginJar : add linkedlist
2024-06-13 21:23:34,609 [INFO] IPUIPlugin:80 - create IPUIPlugin
2024-06-13 21:23:34,609 [INFO] PluginManager:220 - loadIPPluginJar : add lorawan
2024-06-13 21:23:34,612 [INFO] IPUIPlugin:80 - create IPUIPlugin
2024-06-13 21:23:34,612 [INFO] PluginManager:220 - loadIPPluginJar : add ltdc
2024-06-13 21:23:34,619 [INFO] IPUIPlugin:80 - create IPUIPlugin
2024-06-13 21:23:34,620 [INFO] PluginManager:220 - loadIPPluginJar : add mdma
2024-06-13 21:23:34,625 [INFO] IPUIPlugin:80 - create IPUIPlugin
2024-06-13 21:23:34,625 [INFO] PluginManager:220 - loadIPPluginJar : add nvic
2024-06-13 21:23:34,629 [INFO] IPUIPlugin:80 - create IPUIPlugin
2024-06-13 21:23:34,629 [INFO] PluginManager:220 - loadIPPluginJar : add opamp
2024-06-13 21:23:34,635 [INFO] IPUIPlugin:80 - create IPUIPlugin
2024-06-13 21:23:34,635 [INFO] PluginManager:220 - loadIPPluginJar : add openamp
2024-06-13 21:23:34,639 [INFO] IPUIPlugin:80 - create IPUIPlugin
2024-06-13 21:23:34,639 [INFO] PluginManager:220 - loadIPPluginJar : add pdm2pcm
2024-06-13 21:23:34,649 [INFO] IPUIPlugin:80 - create IPUIPlugin
2024-06-13 21:23:34,653 [INFO] PluginManager:220 - loadIPPluginJar : add plateformsettings
2024-06-13 21:23:34,655 [INFO] IPUIPlugin:80 - create IPUIPlugin
2024-06-13 21:23:34,655 [INFO] PluginManager:220 - loadIPPluginJar : add quadspi
2024-06-13 21:23:34,660 [INFO] IPUIPlugin:80 - create IPUIPlugin
2024-06-13 21:23:34,660 [INFO] PluginManager:220 - loadIPPluginJar : add resmgrutility
2024-06-13 21:23:34,666 [INFO] IPUIPlugin:80 - create IPUIPlugin
2024-06-13 21:23:34,666 [INFO] PluginManager:220 - loadIPPluginJar : add sai
2024-06-13 21:23:34,668 [INFO] IPUIPlugin:80 - create IPUIPlugin
2024-06-13 21:23:34,669 [INFO] PluginManager:220 - loadIPPluginJar : add spi
2024-06-13 21:23:34,675 [INFO] IPUIPlugin:80 - create IPUIPlugin
2024-06-13 21:23:34,675 [INFO] PluginManager:220 - loadIPPluginJar : add stm32_wpan
2024-06-13 21:23:34,677 [INFO] IPUIPlugin:80 - create IPUIPlugin
2024-06-13 21:23:34,678 [INFO] PluginManager:220 - loadIPPluginJar : add tim
2024-06-13 21:23:34,684 [INFO] IPUIPlugin:80 - create IPUIPlugin
2024-06-13 21:23:34,684 [INFO] PluginManager:220 - loadIPPluginJar : add touchsensing
2024-06-13 21:23:34,687 [INFO] IPUIPlugin:80 - create IPUIPlugin
2024-06-13 21:23:34,687 [INFO] PluginManager:220 - loadIPPluginJar : add tracer_emb
2024-06-13 21:23:34,689 [INFO] IPUIPlugin:80 - create IPUIPlugin
2024-06-13 21:23:34,689 [INFO] PluginManager:220 - loadIPPluginJar : add ts
2024-06-13 21:23:34,690 [INFO] IPUIPlugin:80 - create IPUIPlugin
2024-06-13 21:23:34,690 [INFO] PluginManager:220 - loadIPPluginJar : add tsc
2024-06-13 21:23:34,692 [INFO] IPUIPlugin:80 - create IPUIPlugin
2024-06-13 21:23:34,692 [INFO] PluginManager:220 - loadIPPluginJar : add ucpd
2024-06-13 21:23:34,697 [INFO] IPUIPlugin:80 - create IPUIPlugin
2024-06-13 21:23:34,698 [INFO] PluginManager:220 - loadIPPluginJar : add usart
2024-06-13 21:23:34,701 [INFO] IPUIPlugin:80 - create IPUIPlugin
2024-06-13 21:23:34,702 [INFO] PluginManager:220 - loadIPPluginJar : add usbx
2024-06-13 21:23:34,840 [INFO] CADModel:165 - CPN selected for project level
2024-06-13 21:23:34,840 [INFO] CADModel:114 - Register for checkConnection events
2024-06-13 21:23:34,840 [FATAL] Updater:308 - Updater called before beeing initialized
2024-06-13 21:23:34,840 [ERROR] CADModel:125 - Updater not yet initialized, retry later 
2024-06-13 21:23:35,013 [INFO] CADModel:165 - CPN selected for project level
2024-06-13 21:23:35,013 [INFO] CADModel:114 - Register for checkConnection events
2024-06-13 21:23:35,013 [FATAL] Updater:308 - Updater called before beeing initialized
2024-06-13 21:23:35,014 [ERROR] CADModel:125 - Updater not yet initialized, retry later 
2024-06-13 21:23:35,018 [FATAL] Updater:308 - Updater called before beeing initialized
2024-06-13 21:23:35,183 [FATAL] Updater:308 - Updater called before beeing initialized
2024-06-13 21:23:35,192 [INFO] DbMcusAds:53 - JSON generation date=Thu May 16 16:22:00 ICT 2024 (1715851320667)
2024-06-13 21:23:35,192 [FATAL] Updater:308 - Updater called before beeing initialized
2024-06-13 21:23:35,256 [WARN] DetailPanel:346 - Failed to get advertising image, set to default
2024-06-13 21:23:35,401 [FATAL] Updater:308 - Updater called before beeing initialized
2024-06-13 21:23:35,403 [FATAL] Updater:308 - Updater called before beeing initialized
2024-06-13 21:23:35,403 [FATAL] Updater:308 - Updater called before beeing initialized
2024-06-13 21:23:35,403 [WARN] DetailPanel:346 - Failed to get advertising image, set to default
2024-06-13 21:23:35,404 [FATAL] Updater:308 - Updater called before beeing initialized
2024-06-13 21:23:35,475 [ERROR] Updater:1120 - MainUpdater not yet initialized. External WinMGr cannot be set.
2024-06-13 21:23:35,479 [INFO] Updater:1056 - Updater Version found : 6.9.2
2024-06-13 21:23:35,507 [INFO] ApplicationProperties:184 - Using Application install path: C:\ST\STM32CubeIDE_1.13.2\STM32CubeIDE\plugins\com.st.stm32cube.common.mx_6.9.2.202309101412
2024-06-13 21:23:36,799 [INFO] ThirdPartyUpdaterWithRetryManager:70 - Updater plugin not ready yet. [2/15]
2024-06-13 21:23:38,264 [INFO] MainUpdater:2868 - connection check result : 10
2024-06-13 21:23:38,265 [INFO] MainUpdater:285 - Updater Check For Update Now.
2024-06-13 21:23:38,266 [INFO] MicroXplorer:498 - Change Database Version : DB.6.0.92
2024-06-13 21:23:38,273 [INFO] McuFinderGlobals:63 - Set McuFinder mode to 2 (CubeIDE integrated)
2024-06-13 21:23:38,274 [INFO] UserAuth:179 - activating auth plugin
2024-06-13 21:23:38,279 [INFO] UserAuth:393 - Internet connection configuration mode: 1
2024-06-13 21:23:38,301 [INFO] JxBrowserEngine:151 - Initiate JxBrowser Engine with user profile folder
2024-06-13 21:23:38,504 [INFO] CheckServerUpdateThread:120 - End of CheckServer Thread
2024-06-13 21:23:39,117 [INFO] WebApp:157 - Instantiating new browser for Auth
2024-06-13 21:23:40,083 [INFO] WebApp:753 - Register for checkConnection events
2024-06-13 21:23:40,083 [INFO] WebApp:390 - Apply proxy settings
2024-06-13 21:23:40,084 [INFO] WebApp:475 - Chromium requires no authentication
2024-06-13 21:23:40,097 [INFO] WebApp:418 - Direct internet connection detected
2024-06-13 21:23:40,183 [WARN] PackLoader:240 - Cannot read IP mode file for STMicroelectronics.FP-SNS-MOTENVWB1.1.4.0
2024-06-13 21:23:40,201 [WARN] PackLoader:240 - Cannot read IP mode file for STMicroelectronics.X-CUBE-SMBUS.2.1.0
2024-06-13 21:23:40,210 [WARN] PackLoader:240 - Cannot read IP mode file for STMicroelectronics.X-CUBE-TOUCHGFX.4.23.1
2024-06-13 21:23:40,215 [WARN] PackLoader:240 - Cannot read IP mode file for STMicroelectronics.X-CUBE-TOUCHGFX.4.23.0
2024-06-13 21:23:40,220 [WARN] PackLoader:240 - Cannot read IP mode file for STMicroelectronics.X-CUBE-TOUCHGFX.4.23.2
2024-06-13 21:23:40,283 [WARN] PackLoader:240 - Cannot read IP mode file for STMicroelectronics.X-CUBE-AZRTOS-F7.1.1.0
2024-06-13 21:23:40,312 [WARN] PackLoader:240 - Cannot read IP mode file for STMicroelectronics.FP-SNS-MOTENV1.4.3.2
2024-06-13 21:23:40,329 [WARN] PackLoader:240 - Cannot read IP mode file for STMicroelectronics.FP-SNS-FLIGHT1.5.0.2
2024-06-13 21:23:40,348 [WARN] PackLoader:240 - Cannot read IP mode file for STMicroelectronics.X-CUBE-DISPLAY.3.0.0
2024-06-13 21:23:40,373 [WARN] PackLoader:240 - Cannot read IP mode file for STMicroelectronics.X-CUBE-BLE1.7.0.0
2024-06-13 21:23:40,384 [WARN] PackLoader:240 - Cannot read IP mode file for emotas.I-CUBE-CANOPEN.1.3.0
2024-06-13 21:23:40,391 [WARN] PackLoader:240 - Cannot read IP mode file for STMicroelectronics.X-CUBE-TOUCHGFX.4.22.1
2024-06-13 21:23:40,415 [WARN] PackLoader:240 - Cannot read IP mode file for STMicroelectronics.X-CUBE-BLEMGR.3.1.0
2024-06-13 21:23:40,431 [WARN] PackLoader:240 - Cannot read IP mode file for STMicroelectronics.FP-SNS-SMARTAG2.1.2.0
2024-06-13 21:23:40,452 [INFO] LogOutputStream:77 - [STDOUT_REDIRECT] 1 : Invalid condition id : UX_CORESTACK_Condition cause : null
2024-06-13 21:23:40,453 [INFO] LogOutputStream:77 - [STDOUT_REDIRECT] 1 : Invalid condition id : UX_CORESTACK_Condition cause : null
2024-06-13 21:23:40,454 [INFO] LogOutputStream:77 - [STDOUT_REDIRECT] 1 : Invalid condition id : UX_CORESTACK_Condition cause : null
2024-06-13 21:23:40,456 [INFO] LogOutputStream:77 - [STDOUT_REDIRECT] 1 : Invalid condition id : UX_CORESTACK_Condition cause : null
2024-06-13 21:23:40,459 [INFO] LogOutputStream:77 - [STDOUT_REDIRECT] 1 : Invalid condition id : UX_CORESTACK_Condition cause : null
2024-06-13 21:23:40,468 [WARN] PackLoader:240 - Cannot read IP mode file for STMicroelectronics.X-CUBE-AZRTOS-WL.2.0.0
2024-06-13 21:23:40,481 [WARN] PackLoader:240 - Cannot read IP mode file for STMicroelectronics.FP-SNS-MOTENV1.5.0.0
2024-06-13 21:23:40,498 [WARN] PackLoader:240 - Cannot read IP mode file for WES.I-CUBE-Cesium.1.3.0
2024-06-13 21:23:40,507 [WARN] PackLoader:240 - Cannot read IP mode file for STMicroelectronics.X-CUBE-BLE2.3.3.0
2024-06-13 21:23:40,533 [WARN] PackLoader:240 - Cannot read IP mode file for STMicroelectronics.X-CUBE-TCPP.4.1.0
2024-06-13 21:23:40,548 [WARN] PackLoader:240 - Cannot read IP mode file for STMicroelectronics.X-CUBE-ALGOBUILD.1.3.0
2024-06-13 21:23:40,553 [INFO] WebApp:188 - Starting web application
2024-06-13 21:23:40,553 [INFO] WebApp:520 - Web application path used C:\ST\STM32CubeIDE_1.13.2\STM32CubeIDE\plugins\com.st.stm32cube.common.mx_6.9.2.202309101412\db\plugins\mcufinder\reactClient1\index.html
2024-06-13 21:23:40,582 [WARN] PackLoader:240 - Cannot read IP mode file for STMicroelectronics.X-CUBE-AZRTOS-G0.1.1.0
2024-06-13 21:23:40,597 [WARN] PackLoader:240 - Cannot read IP mode file for STMicroelectronics.X-CUBE-SAFEA1.1.2.2
2024-06-13 21:23:40,608 [WARN] PackLoader:240 - Cannot read IP mode file for STMicroelectronics.X-CUBE-NFC4.3.0.0
2024-06-13 21:23:40,619 [WARN] PackLoader:240 - Cannot read IP mode file for wolfSSL.I-CUBE-wolfMQTT.1.18.0
2024-06-13 21:23:40,634 [WARN] PackLoader:240 - Cannot read IP mode file for STMicroelectronics.X-CUBE-BLEMGR.3.0.0
2024-06-13 21:23:40,644 [WARN] PackLoader:240 - Cannot read IP mode file for STMicroelectronics.FP-ATR-SIGFOX1.3.2.0
2024-06-13 21:23:40,654 [WARN] PackLoader:240 - Cannot read IP mode file for STMicroelectronics.X-CUBE-EEPRMA1.5.1.0
2024-06-13 21:23:40,714 [WARN] PackLoader:240 - Cannot read IP mode file for SEGGER.I-CUBE-embOS.1.3.1
2024-06-13 21:23:40,811 [WARN] PackLoader:240 - Cannot read IP mode file for STMicroelectronics.X-CUBE-ALGOBUILD.1.4.0
2024-06-13 21:23:40,823 [WARN] PackLoader:240 - Cannot read IP mode file for STMicroelectronics.X-CUBE-GNSS1.6.0.0
2024-06-13 21:23:40,857 [WARN] PackLoader:240 - Cannot read IP mode file for STMicroelectronics.X-CUBE-AZRTOS-F4.1.1.0
2024-06-13 21:23:40,870 [WARN] PackLoader:240 - Cannot read IP mode file for wolfSSL.I-CUBE-wolfSSL.5.6.4
2024-06-13 21:23:40,879 [WARN] PackLoader:240 - Cannot read IP mode file for STMicroelectronics.X-CUBE-FREERTOS.1.2.0
2024-06-13 21:23:40,925 [WARN] PackLoader:240 - Cannot read IP mode file for STMicroelectronics.X-CUBE-AZRTOS-L5.2.0.0
2024-06-13 21:23:40,939 [WARN] PackLoader:240 - Cannot read IP mode file for STMicroelectronics.X-CUBE-EEPRMA1.4.2.0
2024-06-13 21:23:40,954 [WARN] PackLoader:240 - Cannot read IP mode file for STMicroelectronics.X-CUBE-NFC6.3.1.0
2024-06-13 21:23:40,966 [WARN] PackLoader:240 - Cannot read IP mode file for ITTIA_DB.I-CUBE-ITTIADB.8.8.0
2024-06-13 21:23:40,971 [WARN] PackLoader:240 - Cannot read IP mode file for STMicroelectronics.X-CUBE-AI.9.0.0
2024-06-13 21:23:40,999 [WARN] ConditionMgr:438 - getConditionDescription Invalid condition id : UX DEVICE CLASS RTOS Condition cause : null
2024-06-13 21:23:41,000 [WARN] ConditionMgr:438 - getConditionDescription Invalid condition id : UX DEVICE CLASS RTOS Condition cause : null
2024-06-13 21:23:41,004 [WARN] PackLoader:240 - Cannot read IP mode file for STMicroelectronics.X-CUBE-AZRTOS-H7.3.1.0
2024-06-13 21:23:41,006 [WARN] ConditionMgr:1039 - genDependencies : Invalid condition id : UX DEVICE CLASS RTOS Condition cause : null
2024-06-13 21:23:41,007 [WARN] ConditionMgr:1039 - genDependencies : Invalid condition id : UX DEVICE CLASS RTOS Condition cause : null
2024-06-13 21:23:41,008 [WARN] ConditionMgr:1039 - genDependencies : Invalid condition id : UX DEVICE CLASS RTOS Condition cause : null
2024-06-13 21:23:41,010 [WARN] ConditionMgr:1039 - genDependencies : Invalid condition id : UX DEVICE CLASS RTOS Condition cause : null
2024-06-13 21:23:41,010 [WARN] ConditionMgr:1039 - genDependencies : Invalid condition id : UX DEVICE CLASS RTOS Condition cause : null
2024-06-13 21:23:41,019 [WARN] PackLoader:240 - Cannot read IP mode file for STMicroelectronics.X-CUBE-NFC7.1.0.1
2024-06-13 21:23:41,029 [WARN] PackLoader:240 - Cannot read IP mode file for STMicroelectronics.X-CUBE-NFC6.3.0.0
2024-06-13 21:23:41,035 [WARN] PackLoader:240 - Cannot read IP mode file for STMicroelectronics.X-CUBE-AI.8.1.0
2024-06-13 21:23:41,060 [WARN] ConditionMgr:438 - getConditionDescription Invalid condition id : LAN8742 Phy interface Condition cause : null
2024-06-13 21:23:41,061 [WARN] PackLoader:240 - Cannot read IP mode file for STMicroelectronics.X-CUBE-AZRTOS-L4.2.0.0
2024-06-13 21:23:41,063 [WARN] ConditionMgr:1039 - genDependencies : Invalid condition id : LAN8742 Phy interface Condition cause : null
2024-06-13 21:23:41,064 [WARN] ConditionMgr:1039 - genDependencies : Invalid condition id : LAN8742 Phy interface Condition cause : null
2024-06-13 21:23:41,066 [WARN] ConditionMgr:1039 - genDependencies : Invalid condition id : LAN8742 Phy interface Condition cause : null
2024-06-13 21:23:41,078 [WARN] PackLoader:240 - Cannot read IP mode file for STMicroelectronics.X-CUBE-SFXS2LP1.4.0.0
2024-06-13 21:23:41,089 [WARN] PackLoader:240 - Cannot read IP mode file for STMicroelectronics.X-CUBE-ISPU.1.1.0
2024-06-13 21:23:41,112 [WARN] ConditionMgr:438 - getConditionDescription Invalid condition id : UX DEVICE CLASS RTOS Condition cause : null
2024-06-13 21:23:41,112 [WARN] ConditionMgr:438 - getConditionDescription Invalid condition id : UX DEVICE CLASS RTOS Condition cause : null
2024-06-13 21:23:41,116 [WARN] PackLoader:240 - Cannot read IP mode file for STMicroelectronics.X-CUBE-AZRTOS-WB.2.0.0
2024-06-13 21:23:41,118 [WARN] ConditionMgr:1039 - genDependencies : Invalid condition id : UX DEVICE CLASS RTOS Condition cause : null
2024-06-13 21:23:41,119 [WARN] ConditionMgr:1039 - genDependencies : Invalid condition id : UX DEVICE CLASS RTOS Condition cause : null
2024-06-13 21:23:41,119 [WARN] ConditionMgr:1039 - genDependencies : Invalid condition id : UX DEVICE CLASS RTOS Condition cause : null
2024-06-13 21:23:41,119 [WARN] ConditionMgr:1039 - genDependencies : Invalid condition id : UX DEVICE CLASS RTOS Condition cause : null
2024-06-13 21:23:41,120 [WARN] ConditionMgr:1039 - genDependencies : Invalid condition id : UX DEVICE CLASS RTOS Condition cause : null
2024-06-13 21:23:41,139 [WARN] PackLoader:240 - Cannot read IP mode file for STMicroelectronics.X-CUBE-SUBG2.5.0.0
2024-06-13 21:23:41,167 [WARN] PackLoader:240 - Cannot read IP mode file for STMicroelectronics.X-CUBE-TOF1.3.3.1
2024-06-13 21:23:41,213 [WARN] PackLoader:240 - Cannot read IP mode file for STMicroelectronics.X-CUBE-AZRTOS-G4.2.0.0
2024-06-13 21:23:41,240 [WARN] PackLoader:240 - Cannot read IP mode file for Infineon.AIROC-Wi-Fi-Bluetooth-STM32.1.5.1
2024-06-13 21:23:41,254 [WARN] PackLoader:240 - Cannot read IP mode file for STMicroelectronics.FP-SNS-MOTENVWB1.1.3.0
2024-06-13 21:23:41,258 [WARN] PackLoader:240 - Cannot read IP mode file for STMicroelectronics.FP-SNS-MOTENVWB1.1.3.1
2024-06-13 21:23:41,263 [WARN] PackLoader:240 - Cannot read IP mode file for STMicroelectronics.X-CUBE-ISPU.2.0.0
2024-06-13 21:23:41,270 [WARN] PackLoader:240 - Cannot read IP mode file for STMicroelectronics.X-CUBE-ALS.1.0.2
2024-06-13 21:23:41,355 [WARN] PackLoader:240 - Cannot read IP mode file for STMicroelectronics.X-CUBE-MEMS1.10.0.0
2024-06-13 21:23:41,615 [WARN] PackLoader:240 - Cannot read IP mode file for STMicroelectronics.X-CUBE-FREERTOS.1.1.0
2024-06-13 21:23:41,623 [WARN] PackLoader:240 - Cannot read IP mode file for portGmbH.I-Cube-SoM-uGOAL.1.1.0
2024-06-13 21:23:41,628 [WARN] PackLoader:240 - Cannot read IP mode file for STMicroelectronics.X-CUBE-ALS.1.0.1
2024-06-13 21:23:41,655 [WARN] PackLoader:240 - Cannot read IP mode file for STMicroelectronics.X-CUBE-AZRTOS-H7RS.1.0.0
2024-06-13 21:23:41,662 [WARN] PackLoader:240 - Cannot read IP mode file for STMicroelectronics.FP-ATR-ASTRA1.2.0.0
2024-06-13 21:23:41,672 [WARN] PackLoader:240 - Cannot read IP mode file for STMicroelectronics.X-CUBE-TOF1.3.4.0
2024-06-13 21:23:41,748 [WARN] PackLoader:240 - Cannot read IP mode file for STMicroelectronics.X-CUBE-AZRTOS-H7.3.2.0
2024-06-13 21:23:41,753 [INFO] ThirdParty:978 - Integrity check success = true
2024-06-13 21:23:41,754 [INFO] IntegrityCheckThread:100 - exiting critical section [integrity check]
2024-06-13 21:23:41,754 [INFO] IntegrityCheckThread:103 - End integrity checks thread
2024-06-13 21:23:44,369 [INFO] McuFinderGlobals:63 - Set McuFinder mode to 2 (CubeIDE integrated)
2024-06-13 21:23:44,400 [INFO] MainUpdater:2868 - connection check result : 10
2024-06-13 21:23:44,432 [INFO] McuFinderGlobals:76 - Set McuFinderConnectedMode to true
2024-06-13 21:23:44,721 [INFO] ServerAccessManage:473 - Download File mcusAds.json._tmp_
2024-06-13 21:23:44,830 [INFO] LoadUrlFilesThread:156 - End of LoadUrlFiles Thread
2024-06-13 21:23:50,737 [INFO] ServerAccessManage:473 - Download File cube-finder-db.zip
2024-06-13 21:24:01,593 [ERROR] LogOutputStream:75 - [STDERR_REDIRECT] SLF4J: Failed to load class "org.slf4j.impl.StaticLoggerBinder".
2024-06-13 21:24:01,593 [ERROR] LogOutputStream:75 - [STDERR_REDIRECT] SLF4J: Defaulting to no-operation (NOP) logger implementation
2024-06-13 21:24:01,596 [ERROR] LogOutputStream:75 - [STDERR_REDIRECT] SLF4J: See http://www.slf4j.org/codes.html#StaticLoggerBinder for further details.
2024-06-13 21:25:32,623 [INFO] DbMcusAds:53 - JSON generation date=Thu May 16 16:22:00 ICT 2024 (1715851320852)
2024-06-13 21:25:32,647 [ERROR] TargetSelectorAdapter:267 - Unable to refresh data
2024-06-13 21:25:32,827 [ERROR] ServerAccessManage:651 - User Cancel Download : cube-finder-db.zip.
2024-06-13 21:25:32,930 [INFO] LoadUrlFilesThread:156 - End of LoadUrlFiles Thread
2024-06-13 21:25:33,101 [INFO] ApiDb:581 - Connected to CubeFinder SQLite database (C:\Users\nghia\.stmcufinder\plugins\mcufinder\mcu\cube-finder-db.db)
2024-06-13 21:25:33,179 [INFO] ApiDb:668 - CubeFinder database Data Model version=2.1
2024-06-13 21:25:33,179 [INFO] ApiDb:669 - CubeFinder database Configuration version=3.0.39
2024-06-13 21:25:33,180 [INFO] ApiDb:670 - CubeFinder database generation date=2024-05-16 (1715872938)
2024-06-13 21:25:33,180 [INFO] ApiDb:671 - CubeFinder database FW Pack versions=[FP-ATR-ASTRA1_V2.0.0, FP-SNS-FLIGHT1_V5.0.1, FP-SNS-FLIGHT1_V5.0.2, FP-SNS-MOTENV1_V4.3.1, FP-SNS-MOTENV1_V4.3.2, FP-SNS-MOTENV1_V5.0.0, FP-SNS-MOTENVWB1_V1.4.0, FP-SNS-SMARTAG2_V1.2.0, STM32Cube_FW_C0_V1.1.0, STM32Cube_FW_F4_V1.28.0, STM32Cube_FW_F7_V1.17.0, STM32Cube_FW_G0_V1.6.2, STM32Cube_FW_G4_V1.5.2, STM32Cube_FW_H5_V0.5.1, STM32Cube_FW_H5_V1.1.1, STM32Cube_FW_H5_V1.2.0, STM32Cube_FW_H5_V1.2.0RC4, STM32Cube_FW_H7RS_V1.0.0, STM32Cube_FW_H7RS_V1.0.0RC4, STM32Cube_FW_H7_V1.11.0, STM32Cube_FW_L0_V1.12.2, STM32Cube_FW_L5_V1.5.1, STM32Cube_FW_U0_V1.0.0, STM32Cube_FW_U0_V1.0.0RC1, STM32Cube_FW_U5_V1.3.0RC4, STM32Cube_FW_U5_V1.5.0, STM32Cube_FW_U5_V1.5.0RC1, STM32Cube_FW_WBA_V1.0.0RC1, STM32Cube_FW_WBA_V1.2.0, STM32Cube_FW_WBA_V1.2.0RC2, STM32Cube_FW_WBA_V1.3.0, STM32Cube_FW_WBA_V1.3.0RC1, STM32Cube_FW_WB_V1.15.0RC1, STM32Cube_FW_WB_V1.16.0, STM32Cube_FW_WB_V1.16.0RC2, STM32Cube_FW_WB_V1.18.0, STM32Cube_FW_WB_V1.19.0, STM32Cube_FW_WL_V1.3.0, X-CUBE-ALGOBUILD_V1.4.0, X-CUBE-ALS_V1.0.1, X-CUBE-AZRTOS-F4_V1.1.0, X-CUBE-AZRTOS-F7_V1.1.0, X-CUBE-AZRTOS-G0_V1.1.0, X-CUBE-AZRTOS-G4_V2.0.0, X-CUBE-AZRTOS-H7_V3.2.0, X-CUBE-AZRTOS-L4_V1.0.0, X-CUBE-AZRTOS-L4_V2.0.0, X-CUBE-AZRTOS-L5_V1.1.0, X-CUBE-AZRTOS-WB_V2.0.0, X-CUBE-AZRTOS-WL_V2.0.0, X-CUBE-BLE1_V7.0.0, X-CUBE-BLE2_V3.3.0, X-CUBE-BLEMGR_V3.1.0, X-CUBE-EEPRMA1_V4.1.0, X-CUBE-EEPRMA1_V5.1.0, X-CUBE-FREERTOS_V1.1.0, X-CUBE-GNSS1_V6.0.0, X-CUBE-MEMS1_V10.0.0, X-CUBE-MEMS1_V9.1.0, X-CUBE-MEMS1_V9.4.0, X-CUBE-MEMS1_V9.6.0, X-CUBE-NFC4_V3.0.0, X-CUBE-NFC7_V1.0.1, X-CUBE-SFXS2LP1_V4.0.0, X-CUBE-SUBG2_V5.0.0, X-CUBE-TOF1_V3.4.0]
2024-06-13 21:25:33,320 [INFO] DbBoardsSqlite:226 - include board P-NUCLEO-WB55-NUCLEO as a kit item of type 'Nucleo-64'
2024-06-13 21:25:33,320 [INFO] DbBoardsSqlite:226 - include board P-NUCLEO-WB55-USBDONGLE as a kit item of type 'Nucleo USB Dongle'
2024-06-13 21:25:33,322 [INFO] DbBoardsSqlite:226 - include board STEVAL-IDP005V1 as a kit item of type 'Evaluation Board'
2024-06-13 21:25:33,322 [INFO] DbBoardsSqlite:226 - include board STEVAL-IDP005V2 as a kit item of type 'Evaluation Board'
2024-06-13 21:25:33,571 [INFO] ApiDb:240 - Found 323 in-development CPN: [B-G473E-ZEST1S, B-WB1M-WPAN1, B-WL5M-SUBG1, NUCLEO-C031C6, NUCLEO-H503RB, NUCLEO-H563ZI, NUCLEO-U545RE-Q, NUCLEO-U5A5ZJ-Q, NUCLEO-WBA52CG, STEVAL-PROTEUS1, STEVAL-SMARTAG2, STEVAL-STWINBX1, STM320518-EVAL, STM32C0116-DK, STM32C011D6Y3TR, STM32C011D6Y6TR, STM32C011F4P3, STM32C011F4P6, STM32C011F4U3, STM32C011F4U6TR, STM32C011F6P3, STM32C011F6P6, STM32C011F6U3, STM32C011F6U6TR, STM32C011J4M3, STM32C011J4M6, STM32C011J6M3, STM32C011J6M6, STM32C0316-DK, STM32C031C4T3, STM32C031C4T6, STM32C031C4U3, STM32C031C4U6, STM32C031C6T3, STM32C031C6T6, STM32C031C6U3, STM32C031C6U6, STM32C031F4P3, STM32C031F4P6, STM32C031F6P3, STM32C031F6P6, STM32C031G4U3, STM32C031G4U6, STM32C031G6U3, STM32C031G6U6, STM32C031K4T3, STM32C031K4T6, STM32C031K4U3, STM32C031K4U6, STM32C031K6T3, STM32C031K6T6, STM32C031K6U3, STM32C031K6U6, STM32G071K8TXN, STM32G071K8UXN, STM32G081GBU6N, STM32G081KBT6N, STM32G081KBUXN, STM32G0B1CCT6N, STM32G0B1KCT6, STM32G0B1NEY6TR, STM32G0B1RCT6N, STM32G0C1CCT6, STM32G0C1CCT6N, STM32G0C1CCU6N, STM32G0C1CET6N, STM32G0C1CEU6N, STM32G0C1KCT6, STM32G0C1NEY6TR, STM32G0C1RCI6N, STM32G0C1RCT6N, STM32G0C1REI6N, STM32G0C1RET6N, STM32G0C1VCI6, STM32G0C1VEI6, STM32G471CCT6, STM32G471CCU6, STM32G471CET3, STM32G471CET6, STM32G471CEU3, STM32G471CEU6, STM32G471MCT6, STM32G471MET3, STM32G471MET6, STM32G471MEY6TR, STM32G471QCT6, STM32G471QET3, STM32G471RCT6, STM32G471RET3, STM32G471RET6, STM32G471VCH6, STM32G471VCI6, STM32G471VCT6, STM32G471VEH3, STM32G471VEH6, STM32G471VEI3, STM32G471VEI6, STM32G471VET3, STM32G471VET6, STM32G474CCT6, STM32H503CBT6, STM32H503CBU6, STM32H503EBY6TR, STM32H503KBU6, STM32H503RBT6, STM32H562AGI6, STM32H562AII6, STM32H562IGK6, STM32H562IGT6, STM32H562IIK6, STM32H562IIT6, STM32H562RGT6, STM32H562RGV6, STM32H562RIT6, STM32H562RIV6, STM32H562VGT6, STM32H562VIT6, STM32H562ZGT6, STM32H562ZIT6, STM32H563AGI6, STM32H563AII3Q, STM32H563AII6, STM32H563IGK6, STM32H563IGT6, STM32H563IIK3Q, STM32H563IIK6, STM32H563IIT3Q, STM32H563IIT6, STM32H563MIY3QTR, STM32H563RGT6, STM32H563RGV6, STM32H563RIT6, STM32H563RIV6, STM32H563VGT6, STM32H563VIT3Q, STM32H563VIT6, STM32H563ZGT6, STM32H563ZIT3Q, STM32H563ZIT6, STM32H573AII3Q, STM32H573AII6, STM32H573I-DK, STM32H573IIK3Q, STM32H573IIK6, STM32H573IIT3Q, STM32H573IIT6, STM32H573MIY3QTR, STM32H573RIT6, STM32H573RIV6, STM32H573VIT3Q, STM32H573VIT6, STM32H573ZIT3Q, STM32H573ZIT6, STM32L4R5QGI6STR, STM32MP131AAE3, STM32MP131AAF3, STM32MP131AAG3, STM32MP131CAE3, STM32MP131CAF3, STM32MP131CAG3, STM32MP131DAE7, STM32MP131DAF7, STM32MP131DAG7, STM32MP131FAE7, STM32MP131FAF7, STM32MP131FAG7, STM32MP133AAE3, STM32MP133AAF3, STM32MP133AAG3, STM32MP133CAE3, STM32MP133CAF3, STM32MP133CAG3, STM32MP133DAE7, STM32MP133DAF7, STM32MP133DAG7, STM32MP133FAE7, STM32MP133FAF7, STM32MP133FAG7, STM32MP135AAE3, STM32MP135AAF3, STM32MP135AAG3, STM32MP135CAE3, STM32MP135CAF3, STM32MP135CAG3, STM32MP135DAE7, STM32MP135DAF7, STM32MP135DAG7, STM32MP135F-DK, STM32MP135FAE7, STM32MP135FAF7, STM32MP135FAF7T, STM32MP135FAF7U, STM32MP135FAG7, STM32U535CBT6, STM32U535CBT6Q, STM32U535CBU6, STM32U535CBU6Q, STM32U535CCT6, STM32U535CCT6Q, STM32U535CCU6, STM32U535CCU6Q, STM32U535CET6, STM32U535CET6Q, STM32U535CEU6, STM32U535CEU6Q, STM32U535JEY6QTR, STM32U535NCY6QTR, STM32U535NEY6QTR, STM32U535RBI6, STM32U535RBI6Q, STM32U535RBT6, STM32U535RBT6Q, STM32U535RCI6, STM32U535RCI6Q, STM32U535RCT6, STM32U535RCT6Q, STM32U535REI6, STM32U535REI6Q, STM32U535RET6, STM32U535RET6Q, STM32U535VCI6, STM32U535VCI6Q, STM32U535VCT6, STM32U535VCT6Q, STM32U535VEI6, STM32U535VEI6Q, STM32U535VET6, STM32U535VET6Q, STM32U545CET6, STM32U545CET6Q, STM32U545CEU6, STM32U545CEU6Q, STM32U545JEY6QTR, STM32U545NEY6QTR, STM32U545REI6, STM32U545REI6Q, STM32U545RET6, STM32U545RET6Q, STM32U545VEI6, STM32U545VEI6Q, STM32U545VET6, STM32U545VET6Q, STM32U595AIH6, STM32U595AIH6Q, STM32U595AJH6, STM32U595AJH6Q, STM32U595QII6, STM32U595QII6Q, STM32U595QJI6, STM32U595QJI6Q, STM32U595RIT6, STM32U595RIT6Q, STM32U595RJT6, STM32U595RJT6Q, STM32U595VIT6, STM32U595VIT6Q, STM32U595VJT6, STM32U595VJT6Q, STM32U595ZIT6, STM32U595ZIT6Q, STM32U595ZIY6QTR, STM32U595ZJT6, STM32U595ZJT6Q, STM32U595ZJY6QTR, STM32U599BJY6QTR, STM32U599NIH6Q, STM32U599NJH6Q, STM32U599VIT6Q, STM32U599VJT6, STM32U599VJT6Q, STM32U599ZIT6Q, STM32U599ZIY6QTR, STM32U599ZJT6Q, STM32U599ZJY6QTR, STM32U5A5AJH6, STM32U5A5AJH6Q, STM32U5A5QJI6, STM32U5A5QJI6Q, STM32U5A5RJT6, STM32U5A5RJT6Q, STM32U5A5VJT6, STM32U5A5VJT6Q, STM32U5A5ZJT6, STM32U5A5ZJT6Q, STM32U5A5ZJY6QTR, STM32U5A9BJY6QTR, STM32U5A9J-DK, STM32U5A9NJH6Q, STM32U5A9VJT6Q, STM32U5A9ZJT6Q, STM32U5A9ZJY6QTR, STM32U5F7VIT6, STM32U5F7VIT6Q, STM32U5F7VJT6, STM32U5F7VJT6Q, STM32U5F9BJY6QTR, STM32U5F9NJH6Q, STM32U5F9VIT6Q, STM32U5F9VJT6Q, STM32U5F9ZIJ6QTR, STM32U5F9ZIT6Q, STM32U5F9ZJJ6QTR, STM32U5F9ZJT6Q, STM32U5G7VJT6, STM32U5G7VJT6Q, STM32U5G9BJY6QTR, STM32U5G9J-DK1, STM32U5G9J-DK2, STM32U5G9NJH6Q, STM32U5G9VJT6Q, STM32U5G9ZJJ6QTR, STM32U5G9ZJT6Q, STM32WB1MMCH6, STM32WBA52CEU6, STM32WBA52CEU6T, STM32WBA52CGU6, STM32WBA52CGU6T, STM32WBA52KEU6, STM32WBA52KEU6T, STM32WBA52KGU6, STM32WBA52KGU6T, STM32WL5MOCH6, STM32WL5MOCH6TR]
2024-06-13 21:25:33,641 [INFO] BoardInfo:880 - No configuration file found for board NUCLEO-H533RE
2024-06-13 21:25:33,642 [INFO] DbBoards:157 - Board is not supported: NUCLEO-H533RE
2024-06-13 21:25:33,650 [INFO] BoardInfo:880 - No configuration file found for board NUCLEO-H7S3L8
2024-06-13 21:25:33,650 [INFO] DbBoards:157 - Board is not supported: NUCLEO-H7S3L8
2024-06-13 21:25:33,670 [INFO] BoardInfo:880 - No configuration file found for board NUCLEO-U031R8
2024-06-13 21:25:33,671 [INFO] DbBoards:157 - Board is not supported: NUCLEO-U031R8
2024-06-13 21:25:33,671 [INFO] BoardInfo:880 - No configuration file found for board NUCLEO-U083RC
2024-06-13 21:25:33,672 [INFO] DbBoards:157 - Board is not supported: NUCLEO-U083RC
2024-06-13 21:25:33,678 [INFO] BoardInfo:880 - No configuration file found for board NUCLEO-WBA55CG
2024-06-13 21:25:33,678 [INFO] DbBoards:157 - Board is not supported: NUCLEO-WBA55CG
2024-06-13 21:25:33,682 [INFO] BoardInfo:880 - No configuration file found for board P-NUCLEO-WB55
2024-06-13 21:25:33,682 [INFO] DbBoards:157 - Kit is not supported: P-NUCLEO-WB55
2024-06-13 21:25:33,685 [INFO] BoardInfo:880 - No configuration file found for board STEVAL-BFA001V1B
2024-06-13 21:25:33,685 [INFO] DbBoards:157 - Kit is not supported: STEVAL-BFA001V1B
2024-06-13 21:25:33,687 [INFO] BoardInfo:880 - No configuration file found for board STEVAL-BFA001V2B
2024-06-13 21:25:33,687 [INFO] DbBoards:157 - Kit is not supported: STEVAL-BFA001V2B
2024-06-13 21:25:33,690 [INFO] BoardInfo:880 - No configuration file found for board STEVAL-MKBOXPRO
2024-06-13 21:25:33,691 [INFO] DbBoards:157 - Board is not supported: STEVAL-MKBOXPRO
2024-06-13 21:25:33,767 [INFO] BoardInfo:880 - No configuration file found for board STM32H7S78-DK
2024-06-13 21:25:33,767 [INFO] DbBoards:157 - Board is not supported: STM32H7S78-DK
2024-06-13 21:25:33,805 [INFO] BoardInfo:880 - No configuration file found for board STM32U083C-DK
2024-06-13 21:25:33,806 [INFO] DbBoards:157 - Board is not supported: STM32U083C-DK
2024-06-13 21:25:33,818 [INFO] BoardInfo:880 - No configuration file found for board STM32WBA55G-DK1
2024-06-13 21:25:33,818 [INFO] DbBoards:157 - Board is not supported: STM32WBA55G-DK1
2024-06-13 21:25:33,819 [INFO] DbBoards:161 - Found 199 boards, 187 are supported
2024-06-13 21:25:33,823 [INFO] ApiDb:668 - CubeFinder database Data Model version=2.1
2024-06-13 21:25:33,823 [INFO] ApiDb:669 - CubeFinder database Configuration version=3.0.39
2024-06-13 21:25:33,823 [INFO] ApiDb:670 - CubeFinder database generation date=2024-05-16 (1715872938)
2024-06-13 21:25:33,830 [INFO] ApiDb:671 - CubeFinder database FW Pack versions=[FP-ATR-ASTRA1_V2.0.0, FP-SNS-FLIGHT1_V5.0.1, FP-SNS-FLIGHT1_V5.0.2, FP-SNS-MOTENV1_V4.3.1, FP-SNS-MOTENV1_V4.3.2, FP-SNS-MOTENV1_V5.0.0, FP-SNS-MOTENVWB1_V1.4.0, FP-SNS-SMARTAG2_V1.2.0, STM32Cube_FW_C0_V1.1.0, STM32Cube_FW_F4_V1.28.0, STM32Cube_FW_F7_V1.17.0, STM32Cube_FW_G0_V1.6.2, STM32Cube_FW_G4_V1.5.2, STM32Cube_FW_H5_V0.5.1, STM32Cube_FW_H5_V1.1.1, STM32Cube_FW_H5_V1.2.0, STM32Cube_FW_H5_V1.2.0RC4, STM32Cube_FW_H7RS_V1.0.0, STM32Cube_FW_H7RS_V1.0.0RC4, STM32Cube_FW_H7_V1.11.0, STM32Cube_FW_L0_V1.12.2, STM32Cube_FW_L5_V1.5.1, STM32Cube_FW_U0_V1.0.0, STM32Cube_FW_U0_V1.0.0RC1, STM32Cube_FW_U5_V1.3.0RC4, STM32Cube_FW_U5_V1.5.0, STM32Cube_FW_U5_V1.5.0RC1, STM32Cube_FW_WBA_V1.0.0RC1, STM32Cube_FW_WBA_V1.2.0, STM32Cube_FW_WBA_V1.2.0RC2, STM32Cube_FW_WBA_V1.3.0, STM32Cube_FW_WBA_V1.3.0RC1, STM32Cube_FW_WB_V1.15.0RC1, STM32Cube_FW_WB_V1.16.0, STM32Cube_FW_WB_V1.16.0RC2, STM32Cube_FW_WB_V1.18.0, STM32Cube_FW_WB_V1.19.0, STM32Cube_FW_WL_V1.3.0, X-CUBE-ALGOBUILD_V1.4.0, X-CUBE-ALS_V1.0.1, X-CUBE-AZRTOS-F4_V1.1.0, X-CUBE-AZRTOS-F7_V1.1.0, X-CUBE-AZRTOS-G0_V1.1.0, X-CUBE-AZRTOS-G4_V2.0.0, X-CUBE-AZRTOS-H7_V3.2.0, X-CUBE-AZRTOS-L4_V1.0.0, X-CUBE-AZRTOS-L4_V2.0.0, X-CUBE-AZRTOS-L5_V1.1.0, X-CUBE-AZRTOS-WB_V2.0.0, X-CUBE-AZRTOS-WL_V2.0.0, X-CUBE-BLE1_V7.0.0, X-CUBE-BLE2_V3.3.0, X-CUBE-BLEMGR_V3.1.0, X-CUBE-EEPRMA1_V4.1.0, X-CUBE-EEPRMA1_V5.1.0, X-CUBE-FREERTOS_V1.1.0, X-CUBE-GNSS1_V6.0.0, X-CUBE-MEMS1_V10.0.0, X-CUBE-MEMS1_V9.1.0, X-CUBE-MEMS1_V9.4.0, X-CUBE-MEMS1_V9.6.0, X-CUBE-NFC4_V3.0.0, X-CUBE-NFC7_V1.0.1, X-CUBE-SFXS2LP1_V4.0.0, X-CUBE-SUBG2_V5.0.0, X-CUBE-TOF1_V3.4.0]
2024-06-13 21:25:36,320 [INFO] ApiDb:240 - Found 323 in-development CPN: [B-G473E-ZEST1S, B-WB1M-WPAN1, B-WL5M-SUBG1, NUCLEO-C031C6, NUCLEO-H503RB, NUCLEO-H563ZI, NUCLEO-U545RE-Q, NUCLEO-U5A5ZJ-Q, NUCLEO-WBA52CG, STEVAL-PROTEUS1, STEVAL-SMARTAG2, STEVAL-STWINBX1, STM320518-EVAL, STM32C0116-DK, STM32C011D6Y3TR, STM32C011D6Y6TR, STM32C011F4P3, STM32C011F4P6, STM32C011F4U3, STM32C011F4U6TR, STM32C011F6P3, STM32C011F6P6, STM32C011F6U3, STM32C011F6U6TR, STM32C011J4M3, STM32C011J4M6, STM32C011J6M3, STM32C011J6M6, STM32C0316-DK, STM32C031C4T3, STM32C031C4T6, STM32C031C4U3, STM32C031C4U6, STM32C031C6T3, STM32C031C6T6, STM32C031C6U3, STM32C031C6U6, STM32C031F4P3, STM32C031F4P6, STM32C031F6P3, STM32C031F6P6, STM32C031G4U3, STM32C031G4U6, STM32C031G6U3, STM32C031G6U6, STM32C031K4T3, STM32C031K4T6, STM32C031K4U3, STM32C031K4U6, STM32C031K6T3, STM32C031K6T6, STM32C031K6U3, STM32C031K6U6, STM32G071K8TXN, STM32G071K8UXN, STM32G081GBU6N, STM32G081KBT6N, STM32G081KBUXN, STM32G0B1CCT6N, STM32G0B1KCT6, STM32G0B1NEY6TR, STM32G0B1RCT6N, STM32G0C1CCT6, STM32G0C1CCT6N, STM32G0C1CCU6N, STM32G0C1CET6N, STM32G0C1CEU6N, STM32G0C1KCT6, STM32G0C1NEY6TR, STM32G0C1RCI6N, STM32G0C1RCT6N, STM32G0C1REI6N, STM32G0C1RET6N, STM32G0C1VCI6, STM32G0C1VEI6, STM32G471CCT6, STM32G471CCU6, STM32G471CET3, STM32G471CET6, STM32G471CEU3, STM32G471CEU6, STM32G471MCT6, STM32G471MET3, STM32G471MET6, STM32G471MEY6TR, STM32G471QCT6, STM32G471QET3, STM32G471RCT6, STM32G471RET3, STM32G471RET6, STM32G471VCH6, STM32G471VCI6, STM32G471VCT6, STM32G471VEH3, STM32G471VEH6, STM32G471VEI3, STM32G471VEI6, STM32G471VET3, STM32G471VET6, STM32G474CCT6, STM32H503CBT6, STM32H503CBU6, STM32H503EBY6TR, STM32H503KBU6, STM32H503RBT6, STM32H562AGI6, STM32H562AII6, STM32H562IGK6, STM32H562IGT6, STM32H562IIK6, STM32H562IIT6, STM32H562RGT6, STM32H562RGV6, STM32H562RIT6, STM32H562RIV6, STM32H562VGT6, STM32H562VIT6, STM32H562ZGT6, STM32H562ZIT6, STM32H563AGI6, STM32H563AII3Q, STM32H563AII6, STM32H563IGK6, STM32H563IGT6, STM32H563IIK3Q, STM32H563IIK6, STM32H563IIT3Q, STM32H563IIT6, STM32H563MIY3QTR, STM32H563RGT6, STM32H563RGV6, STM32H563RIT6, STM32H563RIV6, STM32H563VGT6, STM32H563VIT3Q, STM32H563VIT6, STM32H563ZGT6, STM32H563ZIT3Q, STM32H563ZIT6, STM32H573AII3Q, STM32H573AII6, STM32H573I-DK, STM32H573IIK3Q, STM32H573IIK6, STM32H573IIT3Q, STM32H573IIT6, STM32H573MIY3QTR, STM32H573RIT6, STM32H573RIV6, STM32H573VIT3Q, STM32H573VIT6, STM32H573ZIT3Q, STM32H573ZIT6, STM32L4R5QGI6STR, STM32MP131AAE3, STM32MP131AAF3, STM32MP131AAG3, STM32MP131CAE3, STM32MP131CAF3, STM32MP131CAG3, STM32MP131DAE7, STM32MP131DAF7, STM32MP131DAG7, STM32MP131FAE7, STM32MP131FAF7, STM32MP131FAG7, STM32MP133AAE3, STM32MP133AAF3, STM32MP133AAG3, STM32MP133CAE3, STM32MP133CAF3, STM32MP133CAG3, STM32MP133DAE7, STM32MP133DAF7, STM32MP133DAG7, STM32MP133FAE7, STM32MP133FAF7, STM32MP133FAG7, STM32MP135AAE3, STM32MP135AAF3, STM32MP135AAG3, STM32MP135CAE3, STM32MP135CAF3, STM32MP135CAG3, STM32MP135DAE7, STM32MP135DAF7, STM32MP135DAG7, STM32MP135F-DK, STM32MP135FAE7, STM32MP135FAF7, STM32MP135FAF7T, STM32MP135FAF7U, STM32MP135FAG7, STM32U535CBT6, STM32U535CBT6Q, STM32U535CBU6, STM32U535CBU6Q, STM32U535CCT6, STM32U535CCT6Q, STM32U535CCU6, STM32U535CCU6Q, STM32U535CET6, STM32U535CET6Q, STM32U535CEU6, STM32U535CEU6Q, STM32U535JEY6QTR, STM32U535NCY6QTR, STM32U535NEY6QTR, STM32U535RBI6, STM32U535RBI6Q, STM32U535RBT6, STM32U535RBT6Q, STM32U535RCI6, STM32U535RCI6Q, STM32U535RCT6, STM32U535RCT6Q, STM32U535REI6, STM32U535REI6Q, STM32U535RET6, STM32U535RET6Q, STM32U535VCI6, STM32U535VCI6Q, STM32U535VCT6, STM32U535VCT6Q, STM32U535VEI6, STM32U535VEI6Q, STM32U535VET6, STM32U535VET6Q, STM32U545CET6, STM32U545CET6Q, STM32U545CEU6, STM32U545CEU6Q, STM32U545JEY6QTR, STM32U545NEY6QTR, STM32U545REI6, STM32U545REI6Q, STM32U545RET6, STM32U545RET6Q, STM32U545VEI6, STM32U545VEI6Q, STM32U545VET6, STM32U545VET6Q, STM32U595AIH6, STM32U595AIH6Q, STM32U595AJH6, STM32U595AJH6Q, STM32U595QII6, STM32U595QII6Q, STM32U595QJI6, STM32U595QJI6Q, STM32U595RIT6, STM32U595RIT6Q, STM32U595RJT6, STM32U595RJT6Q, STM32U595VIT6, STM32U595VIT6Q, STM32U595VJT6, STM32U595VJT6Q, STM32U595ZIT6, STM32U595ZIT6Q, STM32U595ZIY6QTR, STM32U595ZJT6, STM32U595ZJT6Q, STM32U595ZJY6QTR, STM32U599BJY6QTR, STM32U599NIH6Q, STM32U599NJH6Q, STM32U599VIT6Q, STM32U599VJT6, STM32U599VJT6Q, STM32U599ZIT6Q, STM32U599ZIY6QTR, STM32U599ZJT6Q, STM32U599ZJY6QTR, STM32U5A5AJH6, STM32U5A5AJH6Q, STM32U5A5QJI6, STM32U5A5QJI6Q, STM32U5A5RJT6, STM32U5A5RJT6Q, STM32U5A5VJT6, STM32U5A5VJT6Q, STM32U5A5ZJT6, STM32U5A5ZJT6Q, STM32U5A5ZJY6QTR, STM32U5A9BJY6QTR, STM32U5A9J-DK, STM32U5A9NJH6Q, STM32U5A9VJT6Q, STM32U5A9ZJT6Q, STM32U5A9ZJY6QTR, STM32U5F7VIT6, STM32U5F7VIT6Q, STM32U5F7VJT6, STM32U5F7VJT6Q, STM32U5F9BJY6QTR, STM32U5F9NJH6Q, STM32U5F9VIT6Q, STM32U5F9VJT6Q, STM32U5F9ZIJ6QTR, STM32U5F9ZIT6Q, STM32U5F9ZJJ6QTR, STM32U5F9ZJT6Q, STM32U5G7VJT6, STM32U5G7VJT6Q, STM32U5G9BJY6QTR, STM32U5G9J-DK1, STM32U5G9J-DK2, STM32U5G9NJH6Q, STM32U5G9VJT6Q, STM32U5G9ZJJ6QTR, STM32U5G9ZJT6Q, STM32WB1MMCH6, STM32WBA52CEU6, STM32WBA52CEU6T, STM32WBA52CGU6, STM32WBA52CGU6T, STM32WBA52KEU6, STM32WBA52KEU6T, STM32WBA52KGU6, STM32WBA52KGU6T, STM32WL5MOCH6, STM32WL5MOCH6TR]
2024-06-13 21:25:36,331 [INFO] DbMcus:217 - Found 4073 MCUs, 4073 are supported
2024-06-13 21:25:36,332 [INFO] ApiDb:423 - Load user favorites file C:\Users\nghia/.stm32cubeide/favorites.mcus.txt: 0 item(s)
2024-06-13 21:25:36,333 [INFO] ApiDb:427 - User favorites MCUs=[]
2024-06-13 21:25:36,333 [INFO] DbMcus:223 - Set 0 / 0 favorites MCUs
2024-06-13 21:25:37,003 [INFO] ApiDb:423 - Load user favorites file C:\Users\nghia/.stm32cubeide/favorites.boards.txt: 0 item(s)
2024-06-13 21:25:37,003 [INFO] ApiDb:427 - User favorites Boards=[]
2024-06-13 21:25:37,004 [INFO] DbBoards:190 - Set 0 / 0 favorites Boards
2024-06-13 21:25:37,004 [INFO] McuFinderGlobals:76 - Set McuFinderConnectedMode to true
2024-06-13 21:25:37,014 [INFO] MultiScanPanel:200 - Auto-refresh data requested => check proxy status ongoing
2024-06-13 21:25:37,017 [INFO] FinderPluginLoader:95 - Searching for filters in installed packs
2024-06-13 21:25:39,509 [INFO] LoadUrlFilesThread:185 - End of LoadServerUrlFiles without Thread
2024-06-13 21:25:39,531 [INFO] DetailPanel:341 - Set advertising image to C:/Users/nghia/STM32Cube/Repository/\en.prom-stm32h7rs-mcu-finder.jpg
2024-06-13 21:27:49,308 [INFO] MainUpdater:2868 - connection check result : 10
2024-06-13 21:27:49,308 [INFO] MainUpdater:2868 - connection check result : 10
2024-06-13 21:27:49,439 [INFO] MicroXplorer:468 - Change Database Path : 
2024-06-13 21:27:49,440 [INFO] MicroXplorer:498 - Change Database Version : DB.6.0.92
2024-06-13 21:27:49,455 [WARN] ThirdParty:871 - waiting for thirdparty lock release [close project]
2024-06-13 21:27:49,455 [INFO] ThirdParty:873 - entering critical section [close project]
2024-06-13 21:27:49,458 [INFO] ThirdParty:883 - exiting critical section [close project]
2024-06-13 21:27:49,464 [INFO] PinOutPanel:1499 - setPackage(No Configuration,No Configuration)
2024-06-13 21:27:49,491 [INFO] UtilMem:75 - Begin LoadConfig() Used Memory: 379865904 Bytes (608174080)
2024-06-13 21:27:49,501 [INFO] MicroXplorer:468 - Change Database Path : 
2024-06-13 21:27:49,501 [INFO] MicroXplorer:498 - Change Database Version : DB.6.0.92
2024-06-13 21:27:49,502 [INFO] OpenFileManager:308 - Change cursor
2024-06-13 21:27:49,685 [INFO] Mcu:1946 - Initializing MCU STM32H750VBTx STM32H750VBTx STM32H750VBT6
2024-06-13 21:28:11,606 [INFO] Context:659 - Trying to add GPIOservice into a context  which must be forbidden
2024-06-13 21:28:23,140 [INFO] RtosManager:555 - Registered RTOS mode: class=CMSIS, group=RTOS, mode=CMSIS_V1, owner=FREERTOS
2024-06-13 21:28:23,140 [INFO] RtosManager:555 - Registered RTOS mode: class=CMSIS, group=RTOS2, mode=CMSIS_V2, owner=FREERTOS
2024-06-13 21:28:23,141 [INFO] RtosManager:555 - Registered RTOS mode: class=RTOS, group=Core, mode=CMSIS_V1, owner=FREERTOS
2024-06-13 21:28:23,142 [INFO] RtosManager:555 - Registered RTOS mode: class=RTOS, group=Core, mode=CMSIS_V2, owner=FREERTOS
2024-06-13 21:28:23,144 [WARN] ModelIntegratedComponent:184 - Missing modes for component STMicroelectronics:FreeRTOS:0.0.1:STMicroelectronics:RTOS:FreeRTOS:Core:::10.2.0:
2024-06-13 21:28:23,287 [WARN] ModelIntegratedComponent:63 - No mode defined for component null
2024-06-13 21:28:23,287 [WARN] ModelIntegratedComponent:63 - No mode defined for component null
2024-06-13 21:28:23,288 [WARN] ModelIntegratedComponent:63 - No mode defined for component null
2024-06-13 21:28:23,288 [WARN] ModelIntegratedComponent:63 - No mode defined for component null
2024-06-13 21:28:23,288 [WARN] ModelIntegratedComponent:63 - No mode defined for component null
2024-06-13 21:28:23,288 [WARN] ModelIntegratedComponent:63 - No mode defined for component null
2024-06-13 21:28:23,289 [WARN] ModelIntegratedComponent:63 - No mode defined for component null
2024-06-13 21:28:23,290 [WARN] ModelIntegratedComponent:63 - No mode defined for component null
2024-06-13 21:28:23,290 [WARN] ModelIntegratedComponent:63 - No mode defined for component null
2024-06-13 21:28:23,291 [WARN] ModelIntegratedComponent:63 - No mode defined for component null
2024-06-13 21:28:23,291 [WARN] ModelIntegratedComponent:63 - No mode defined for component null
2024-06-13 21:28:23,291 [WARN] ModelIntegratedComponent:63 - No mode defined for component null
2024-06-13 21:28:23,292 [WARN] ModelIntegratedComponent:63 - No mode defined for component null
2024-06-13 21:28:23,292 [WARN] ModelIntegratedComponent:63 - No mode defined for component null
2024-06-13 21:28:23,292 [WARN] ModelIntegratedComponent:63 - No mode defined for component null
2024-06-13 21:28:23,292 [WARN] ModelIntegratedComponent:63 - No mode defined for component null
2024-06-13 21:28:23,292 [WARN] ModelIntegratedComponent:63 - No mode defined for component null
2024-06-13 21:28:23,293 [WARN] ModelIntegratedComponent:63 - No mode defined for component null
2024-06-13 21:28:23,293 [WARN] ModelIntegratedComponent:63 - No mode defined for component null
2024-06-13 21:28:23,293 [WARN] ModelIntegratedComponent:63 - No mode defined for component null
2024-06-13 21:28:23,293 [WARN] ModelIntegratedComponent:63 - No mode defined for component null
2024-06-13 21:28:23,294 [WARN] ModelIntegratedComponent:63 - No mode defined for component null
2024-06-13 21:28:23,295 [WARN] ModelIntegratedComponent:63 - No mode defined for component null
2024-06-13 21:28:23,295 [WARN] ModelIntegratedComponent:63 - No mode defined for component null
2024-06-13 21:28:23,295 [WARN] ModelIntegratedComponent:63 - No mode defined for component null
2024-06-13 21:28:23,296 [WARN] ModelIntegratedComponent:63 - No mode defined for component null
2024-06-13 21:28:23,296 [WARN] ModelIntegratedComponent:63 - No mode defined for component null
2024-06-13 21:28:23,296 [WARN] ModelIntegratedComponent:63 - No mode defined for component null
2024-06-13 21:28:23,296 [WARN] ModelIntegratedComponent:63 - No mode defined for component null
2024-06-13 21:28:23,296 [WARN] ModelIntegratedComponent:63 - No mode defined for component null
2024-06-13 21:28:23,296 [WARN] ModelIntegratedComponent:63 - No mode defined for component null
2024-06-13 21:28:23,296 [WARN] ModelIntegratedComponent:63 - No mode defined for component null
2024-06-13 21:28:23,297 [WARN] ModelIntegratedComponent:63 - No mode defined for component null
2024-06-13 21:28:24,365 [INFO] ThirdPartyModel:298 - Start build external matchings
2024-06-13 21:28:26,659 [INFO] ThirdPartyModel:316 - End build external matchings
2024-06-13 21:28:26,745 [INFO] ImportTextPane:194 - (OptionalMessage_ERROR) IP (RCC) : Parameter (FDCANFreq_Value) has invalid value (75000000)
2024-06-13 21:28:26,746 [INFO] ImportTextPane:194 - (OptionalMessage_ERROR) IP (RCC) : Invalid parameter (FamilyName)
2024-06-13 21:28:26,746 [INFO] ImportTextPane:194 - (OptionalMessage_ERROR) IP (RCC) : Parameter (LTDCFreq_Value) has invalid value (300000000)
2024-06-13 21:28:26,747 [INFO] ImportTextPane:194 - (OptionalMessage_ERROR) IP (RCC) : Parameter (USBFreq_Value) has invalid value (75000000)
2024-06-13 21:28:29,672 [INFO] UtilMem:75 - End LoadConfig() Used Memory: 549426872 Bytes (608174080)
2024-06-13 21:28:30,188 [WARN] ThirdParty:833 - waiting for thirdparty lock release [change project]
2024-06-13 21:28:30,188 [INFO] ThirdParty:835 - entering critical section [change project]
2024-06-13 21:28:30,189 [INFO] ThirdParty:1030 - CMSIS Pack Vendor :STMicroelectronics X-CUBE-ISPU 1.1.0
2024-06-13 21:28:30,189 [INFO] ThirdParty:1030 - CMSIS Pack Vendor :STMicroelectronics USBPD 4.1
2024-06-13 21:28:30,189 [INFO] ThirdParty:1030 - CMSIS Pack Vendor :STMicroelectronics X-CUBE-GNSS1 6.0.0
2024-06-13 21:28:30,189 [INFO] ThirdParty:1030 - CMSIS Pack Vendor :STMicroelectronics USB_HOST 2.0.0
2024-06-13 21:28:30,189 [INFO] ThirdParty:1030 - CMSIS Pack Vendor :STMicroelectronics FP-SNS-MOTENVWB1 1.4.0
2024-06-13 21:28:30,190 [INFO] ThirdParty:1030 - CMSIS Pack Vendor :STMicroelectronics X-CUBE-AZRTOS-F4 1.1.0
2024-06-13 21:28:30,190 [INFO] ThirdParty:1030 - CMSIS Pack Vendor :STMicroelectronics LIBJPEG 8.0.0
2024-06-13 21:28:30,190 [INFO] ThirdParty:1030 - CMSIS Pack Vendor :wolfSSL I-CUBE-wolfSSL 5.6.4
2024-06-13 21:28:30,190 [INFO] ThirdParty:1030 - CMSIS Pack Vendor :STMicroelectronics X-CUBE-SMBUS 2.1.0
2024-06-13 21:28:30,190 [INFO] ThirdParty:1030 - CMSIS Pack Vendor :STMicroelectronics USB_DEVICE 3.0.0
2024-06-13 21:28:30,190 [INFO] ThirdParty:1030 - CMSIS Pack Vendor :STMicroelectronics X-CUBE-TCPP 4.1.0
2024-06-13 21:28:30,190 [INFO] ThirdParty:1030 - CMSIS Pack Vendor :STMicroelectronics X-CUBE-FREERTOS 1.2.0
2024-06-13 21:28:30,190 [INFO] ThirdParty:1030 - CMSIS Pack Vendor :STMicroelectronics X-CUBE-AZRTOS-WB 2.0.0
2024-06-13 21:28:30,190 [INFO] ThirdParty:1030 - CMSIS Pack Vendor :STMicroelectronics X-CUBE-TOUCHGFX 4.23.1
2024-06-13 21:28:30,191 [INFO] ThirdParty:1030 - CMSIS Pack Vendor :STMicroelectronics X-CUBE-TOUCHGFX 4.23.0
2024-06-13 21:28:30,191 [INFO] ThirdParty:1030 - CMSIS Pack Vendor :STMicroelectronics X-CUBE-TOUCHGFX 4.23.2
2024-06-13 21:28:30,191 [INFO] ThirdParty:1030 - CMSIS Pack Vendor :STMicroelectronics X-CUBE-AZRTOS-F7 1.1.0
2024-06-13 21:28:30,191 [INFO] ThirdParty:1030 - CMSIS Pack Vendor :STMicroelectronics X-CUBE-AZRTOS-L5 2.0.0
2024-06-13 21:28:30,191 [INFO] ThirdParty:1030 - CMSIS Pack Vendor :STMicroelectronics USB_DEVICE 2.0.0
2024-06-13 21:28:30,191 [INFO] ThirdParty:1030 - CMSIS Pack Vendor :STMicroelectronics X-CUBE-EEPRMA1 4.2.0
2024-06-13 21:28:30,191 [INFO] ThirdParty:1030 - CMSIS Pack Vendor :STMicroelectronics X-CUBE-NFC6 3.1.0
2024-06-13 21:28:30,191 [INFO] ThirdParty:1030 - CMSIS Pack Vendor :ITTIA_DB I-CUBE-ITTIADB 8.8.0
2024-06-13 21:28:30,191 [INFO] ThirdParty:1030 - CMSIS Pack Vendor :STMicroelectronics FP-SNS-MOTENV1 4.3.2
2024-06-13 21:28:30,192 [INFO] ThirdParty:1030 - CMSIS Pack Vendor :STMicroelectronics X-CUBE-ALGOBUILD 1.3.0
2024-06-13 21:28:30,192 [INFO] ThirdParty:1030 - CMSIS Pack Vendor :STMicroelectronics FreeRTOS 0.0.1
2024-06-13 21:28:30,192 [INFO] ThirdParty:1030 - CMSIS Pack Vendor :STMicroelectronics X-CUBE-AZRTOS-G0 1.1.0
2024-06-13 21:28:30,192 [INFO] ThirdParty:1030 - CMSIS Pack Vendor :STMicroelectronics X-CUBE-SAFEA1 1.2.2
2024-06-13 21:28:30,192 [INFO] ThirdParty:1030 - CMSIS Pack Vendor :STMicroelectronics X-CUBE-NFC4 3.0.0
2024-06-13 21:28:30,192 [INFO] ThirdParty:1030 - CMSIS Pack Vendor :STMicroelectronics X-CUBE-SUBG2 5.0.0
2024-06-13 21:28:30,193 [INFO] ThirdParty:1030 - CMSIS Pack Vendor :STMicroelectronics STM32_WPAN 1.0.0
2024-06-13 21:28:30,193 [INFO] ThirdParty:1030 - CMSIS Pack Vendor :wolfSSL I-CUBE-wolfMQTT 1.18.0
2024-06-13 21:28:30,193 [INFO] ThirdParty:1030 - CMSIS Pack Vendor :STMicroelectronics lwIP 2.0.3
2024-06-13 21:28:30,193 [INFO] ThirdParty:1030 - CMSIS Pack Vendor :STMicroelectronics FP-SNS-FLIGHT1 5.0.2
2024-06-13 21:28:30,193 [INFO] ThirdParty:1030 - CMSIS Pack Vendor :STMicroelectronics USB_HOST 1.0.0
2024-06-13 21:28:30,193 [INFO] ThirdParty:1030 - CMSIS Pack Vendor :STMicroelectronics X-CUBE-TOF1 3.3.1
2024-06-13 21:28:30,193 [INFO] ThirdParty:1030 - CMSIS Pack Vendor :STMicroelectronics X-CUBE-AI 9.0.0
2024-06-13 21:28:30,193 [INFO] ThirdParty:1030 - CMSIS Pack Vendor :STMicroelectronics X-CUBE-AZRTOS-G4 2.0.0
2024-06-13 21:28:30,193 [INFO] ThirdParty:1030 - CMSIS Pack Vendor :STMicroelectronics PDM2PCM 3.1.0
2024-06-13 21:28:30,194 [INFO] ThirdParty:1030 - CMSIS Pack Vendor :STMicroelectronics X-CUBE-AZRTOS-H7 3.1.0
2024-06-13 21:28:30,194 [INFO] ThirdParty:1030 - CMSIS Pack Vendor :Infineon AIROC-Wi-Fi-Bluetooth-STM32 1.5.1
2024-06-13 21:28:30,194 [INFO] ThirdParty:1030 - CMSIS Pack Vendor :STMicroelectronics X-CUBE-BLEMGR 3.0.0
2024-06-13 21:28:30,194 [INFO] ThirdParty:1030 - CMSIS Pack Vendor :STMicroelectronics PDM2PCM 3.3.0
2024-06-13 21:28:30,194 [INFO] ThirdParty:1030 - CMSIS Pack Vendor :STMicroelectronics X-CUBE-DISPLAY 3.0.0
2024-06-13 21:28:30,194 [INFO] ThirdParty:1030 - CMSIS Pack Vendor :STMicroelectronics FP-SNS-MOTENVWB1 1.3.0
2024-06-13 21:28:30,194 [INFO] ThirdParty:1030 - CMSIS Pack Vendor :STMicroelectronics FP-SNS-MOTENVWB1 1.3.1
2024-06-13 21:28:30,194 [INFO] ThirdParty:1030 - CMSIS Pack Vendor :STMicroelectronics X-CUBE-BLE1 7.0.0
2024-06-13 21:28:30,194 [INFO] ThirdParty:1030 - CMSIS Pack Vendor :STMicroelectronics FP-ATR-SIGFOX1 3.2.0
2024-06-13 21:28:30,195 [INFO] ThirdParty:1030 - CMSIS Pack Vendor :STMicroelectronics X-CUBE-ISPU 2.0.0
2024-06-13 21:28:30,195 [INFO] ThirdParty:1030 - CMSIS Pack Vendor :STMicroelectronics X-CUBE-EEPRMA1 5.1.0
2024-06-13 21:28:30,195 [INFO] ThirdParty:1030 - CMSIS Pack Vendor :STMicroelectronics HAL Drivers 0.0.0
2024-06-13 21:28:30,195 [INFO] ThirdParty:1030 - CMSIS Pack Vendor :STMicroelectronics MBEDTLS 2.16.2
2024-06-13 21:28:30,196 [INFO] ThirdParty:1030 - CMSIS Pack Vendor :STMicroelectronics X-CUBE-ALS 1.0.2
2024-06-13 21:28:30,196 [INFO] ThirdParty:1030 - CMSIS Pack Vendor :emotas I-CUBE-CANOPEN 1.3.0
2024-06-13 21:28:30,196 [INFO] ThirdParty:1030 - CMSIS Pack Vendor :STMicroelectronics X-CUBE-MEMS1 10.0.0
2024-06-13 21:28:30,196 [INFO] ThirdParty:1030 - CMSIS Pack Vendor :STMicroelectronics X-CUBE-FREERTOS 1.1.0
2024-06-13 21:28:30,196 [INFO] ThirdParty:1030 - CMSIS Pack Vendor :STMicroelectronics X-CUBE-NFC7 1.0.1
2024-06-13 21:28:30,196 [INFO] ThirdParty:1030 - CMSIS Pack Vendor :STMicroelectronics MBEDTLS 2.14.1
2024-06-13 21:28:30,196 [INFO] ThirdParty:1030 - CMSIS Pack Vendor :STMicroelectronics X-CUBE-TOUCHGFX 4.22.1
2024-06-13 21:28:30,196 [INFO] ThirdParty:1030 - CMSIS Pack Vendor :STMicroelectronics X-CUBE-NFC6 3.0.0
2024-06-13 21:28:30,196 [INFO] ThirdParty:1030 - CMSIS Pack Vendor :portGmbH I-Cube-SoM-uGOAL 1.1.0
2024-06-13 21:28:30,196 [INFO] ThirdParty:1030 - CMSIS Pack Vendor :STMicroelectronics X-CUBE-ALS 1.0.1
2024-06-13 21:28:30,196 [INFO] ThirdParty:1030 - CMSIS Pack Vendor :STMicroelectronics X-CUBE-BLEMGR 3.1.0
2024-06-13 21:28:30,197 [INFO] ThirdParty:1030 - CMSIS Pack Vendor :STMicroelectronics ThreadX 1.0.0
2024-06-13 21:28:30,197 [INFO] ThirdParty:1030 - CMSIS Pack Vendor :STMicroelectronics FP-SNS-SMARTAG2 1.2.0
2024-06-13 21:28:30,197 [INFO] ThirdParty:1030 - CMSIS Pack Vendor :STMicroelectronics X-CUBE-AZRTOS-WL 2.0.0
2024-06-13 21:28:30,197 [INFO] ThirdParty:1030 - CMSIS Pack Vendor :SEGGER I-CUBE-embOS 1.3.1
2024-06-13 21:28:30,197 [INFO] ThirdParty:1030 - CMSIS Pack Vendor :STMicroelectronics X-CUBE-ALGOBUILD 1.4.0
2024-06-13 21:28:30,197 [INFO] ThirdParty:1030 - CMSIS Pack Vendor :STMicroelectronics FP-SNS-MOTENV1 5.0.0
2024-06-13 21:28:30,197 [INFO] ThirdParty:1030 - CMSIS Pack Vendor :STMicroelectronics USB_DEVICE 1.0.0
2024-06-13 21:28:30,197 [INFO] ThirdParty:1030 - CMSIS Pack Vendor :STMicroelectronics X-CUBE-AI 8.1.0
2024-06-13 21:28:30,198 [INFO] ThirdParty:1030 - CMSIS Pack Vendor :STMicroelectronics X-CUBE-AZRTOS-H7RS 1.0.0
2024-06-13 21:28:30,198 [INFO] ThirdParty:1030 - CMSIS Pack Vendor :STMicroelectronics X-CUBE-AZRTOS-L4 2.0.0
2024-06-13 21:28:30,198 [INFO] ThirdParty:1030 - CMSIS Pack Vendor :STMicroelectronics ThreadX 0.0.2
2024-06-13 21:28:30,198 [INFO] ThirdParty:1030 - CMSIS Pack Vendor :WES I-CUBE-Cesium 1.3.0
2024-06-13 21:28:30,199 [INFO] ThirdParty:1030 - CMSIS Pack Vendor :STMicroelectronics FP-ATR-ASTRA1 2.0.0
2024-06-13 21:28:30,199 [INFO] ThirdParty:1030 - CMSIS Pack Vendor :STMicroelectronics lwIP 2.1.2
2024-06-13 21:28:30,199 [INFO] ThirdParty:1030 - CMSIS Pack Vendor :STMicroelectronics X-CUBE-SFXS2LP1 4.0.0
2024-06-13 21:28:30,199 [INFO] ThirdParty:1030 - CMSIS Pack Vendor :STMicroelectronics X-CUBE-BLE2 3.3.0
2024-06-13 21:28:30,200 [INFO] ThirdParty:1030 - CMSIS Pack Vendor :STMicroelectronics X-CUBE-TOF1 3.4.0
2024-06-13 21:28:30,200 [INFO] ThirdParty:1030 - CMSIS Pack Vendor :STMicroelectronics X-CUBE-AZRTOS-H7 3.2.0
2024-06-13 21:28:30,201 [INFO] ThirdParty:1030 - CMSIS Pack Vendor :STMicroelectronics PDM2PCM 3.2.0
2024-06-13 21:28:30,201 [INFO] ThirdParty:841 - exiting critical section [change project]
2024-06-13 21:28:32,498 [INFO] PinOutPanel:1499 - setPackage(No Configuration,No Configuration)
2024-06-13 21:28:32,502 [INFO] PinOutPanel:1499 - setPackage(STM32H750VBTx,LQFP100)
2024-06-13 21:28:36,423 [INFO] UtilMem:75 - Before build in PCC Used Memory: 541746520 Bytes (608174080)
2024-06-13 21:28:38,892 [INFO] UtilMem:75 - After build in PCC Used Memory: 332322816 Bytes (608174080)
2024-06-13 21:28:39,131 [INFO] IPUIPlugin:80 - create IPUIPlugin
2024-06-13 21:28:39,132 [INFO] IPUIPlugin:80 - create IPUIPlugin
2024-06-13 21:28:39,132 [INFO] IPUIPlugin:80 - create IPUIPlugin
2024-06-13 21:28:39,132 [INFO] IPUIPlugin:80 - create IPUIPlugin
2024-06-13 21:28:39,133 [INFO] IPUIPlugin:80 - create IPUIPlugin
2024-06-13 21:28:39,133 [INFO] IPUIPlugin:80 - create IPUIPlugin
2024-06-13 21:28:39,134 [INFO] IPUIPlugin:80 - create IPUIPlugin
2024-06-13 21:28:39,136 [INFO] IPUIPlugin:80 - create IPUIPlugin
2024-06-13 21:28:39,136 [INFO] IPUIPlugin:80 - create IPUIPlugin
2024-06-13 21:28:39,137 [INFO] IPUIPlugin:80 - create IPUIPlugin
2024-06-13 21:28:39,138 [INFO] IPUIPlugin:80 - create IPUIPlugin
2024-06-13 21:28:39,138 [INFO] IPUIPlugin:80 - create IPUIPlugin
2024-06-13 21:28:39,138 [INFO] IPUIPlugin:80 - create IPUIPlugin
2024-06-13 21:28:39,138 [INFO] IPUIPlugin:80 - create IPUIPlugin
2024-06-13 21:28:39,139 [INFO] IPUIPlugin:80 - create IPUIPlugin
2024-06-13 21:28:39,140 [INFO] IPUIPlugin:80 - create IPUIPlugin
2024-06-13 21:28:39,140 [INFO] IPUIPlugin:80 - create IPUIPlugin
2024-06-13 21:28:39,140 [INFO] IPUIPlugin:80 - create IPUIPlugin
2024-06-13 21:28:39,141 [INFO] IPUIPlugin:80 - create IPUIPlugin
2024-06-13 21:28:39,142 [INFO] IPUIPlugin:80 - create IPUIPlugin
2024-06-13 21:28:39,143 [INFO] IPUIPlugin:80 - create IPUIPlugin
2024-06-13 21:28:39,143 [INFO] IPUIPlugin:80 - create IPUIPlugin
2024-06-13 21:28:39,144 [INFO] IPUIPlugin:80 - create IPUIPlugin
2024-06-13 21:28:39,144 [INFO] IPUIPlugin:80 - create IPUIPlugin
2024-06-13 21:28:39,145 [INFO] IPUIPlugin:80 - create IPUIPlugin
2024-06-13 21:28:39,146 [INFO] IPUIPlugin:80 - create IPUIPlugin
2024-06-13 21:28:39,146 [INFO] IPUIPlugin:80 - create IPUIPlugin
2024-06-13 21:28:39,149 [INFO] IPUIPlugin:80 - create IPUIPlugin
2024-06-13 21:28:39,152 [INFO] IPUIPlugin:80 - create IPUIPlugin
2024-06-13 21:28:39,153 [INFO] IPUIPlugin:80 - create IPUIPlugin
2024-06-13 21:28:39,154 [INFO] IPUIPlugin:80 - create IPUIPlugin
2024-06-13 21:28:39,154 [INFO] IPUIPlugin:80 - create IPUIPlugin
2024-06-13 21:28:39,155 [INFO] IPUIPlugin:80 - create IPUIPlugin
2024-06-13 21:28:39,155 [INFO] IPUIPlugin:80 - create IPUIPlugin
2024-06-13 21:28:39,156 [INFO] IPUIPlugin:80 - create IPUIPlugin
2024-06-13 21:28:39,157 [INFO] IPUIPlugin:80 - create IPUIPlugin
2024-06-13 21:28:39,158 [INFO] IPUIPlugin:80 - create IPUIPlugin
2024-06-13 21:28:39,159 [INFO] IPUIPlugin:80 - create IPUIPlugin
2024-06-13 21:28:39,160 [INFO] IPUIPlugin:80 - create IPUIPlugin
2024-06-13 21:28:39,161 [INFO] IPUIPlugin:80 - create IPUIPlugin
2024-06-13 21:28:39,164 [INFO] IPUIPlugin:80 - create IPUIPlugin
2024-06-13 21:28:39,166 [INFO] IPUIPlugin:80 - create IPUIPlugin
2024-06-13 21:28:39,168 [INFO] IPUIPlugin:80 - create IPUIPlugin
2024-06-13 21:28:39,169 [INFO] IPUIPlugin:80 - create IPUIPlugin
2024-06-13 21:28:39,170 [INFO] IPUIPlugin:80 - create IPUIPlugin
2024-06-13 21:28:39,171 [INFO] IPUIPlugin:80 - create IPUIPlugin
2024-06-13 21:28:39,172 [INFO] IPUIPlugin:80 - create IPUIPlugin
2024-06-13 21:28:39,172 [INFO] IPUIPlugin:80 - create IPUIPlugin
2024-06-13 21:28:39,174 [INFO] IPUIPlugin:80 - create IPUIPlugin
2024-06-13 21:28:39,175 [INFO] IPUIPlugin:80 - create IPUIPlugin
2024-06-13 21:28:39,176 [INFO] IPUIPlugin:80 - create IPUIPlugin
2024-06-13 21:28:39,176 [INFO] IPUIPlugin:80 - create IPUIPlugin
2024-06-13 21:28:39,177 [INFO] IPUIPlugin:80 - create IPUIPlugin
2024-06-13 21:28:39,181 [INFO] IPUIPlugin:80 - create IPUIPlugin
2024-06-13 21:28:39,182 [INFO] IPUIPlugin:80 - create IPUIPlugin
2024-06-13 21:28:39,187 [INFO] IPUIPlugin:80 - create IPUIPlugin
2024-06-13 21:28:39,188 [INFO] IPUIPlugin:80 - create IPUIPlugin
2024-06-13 21:28:39,189 [INFO] IPUIPlugin:80 - create IPUIPlugin
2024-06-13 21:28:39,190 [INFO] IPUIPlugin:80 - create IPUIPlugin
2024-06-13 21:28:39,191 [INFO] IPUIPlugin:80 - create IPUIPlugin
2024-06-13 21:28:39,192 [INFO] IPUIPlugin:80 - create IPUIPlugin
2024-06-13 21:28:39,193 [INFO] IPUIPlugin:80 - create IPUIPlugin
2024-06-13 21:28:39,194 [INFO] IPUIPlugin:80 - create IPUIPlugin
2024-06-13 21:28:39,198 [INFO] IPUIPlugin:80 - create IPUIPlugin
2024-06-13 21:28:39,199 [INFO] IPUIPlugin:80 - create IPUIPlugin
2024-06-13 21:28:39,201 [INFO] IPUIPlugin:80 - create IPUIPlugin
2024-06-13 21:28:39,203 [INFO] IPUIPlugin:80 - create IPUIPlugin
2024-06-13 21:28:39,203 [INFO] IPUIPlugin:80 - create IPUIPlugin
2024-06-13 21:28:39,205 [INFO] IPUIPlugin:80 - create IPUIPlugin
2024-06-13 21:28:39,206 [INFO] IPUIPlugin:80 - create IPUIPlugin
2024-06-13 21:28:39,207 [INFO] IPUIPlugin:80 - create IPUIPlugin
2024-06-13 21:28:39,208 [INFO] IPUIPlugin:80 - create IPUIPlugin
2024-06-13 21:28:39,209 [INFO] IPUIPlugin:80 - create IPUIPlugin
2024-06-13 21:28:39,210 [INFO] IPUIPlugin:80 - create IPUIPlugin
2024-06-13 21:28:39,211 [INFO] IPUIPlugin:80 - create IPUIPlugin
2024-06-13 21:28:39,214 [INFO] IPUIPlugin:80 - create IPUIPlugin
2024-06-13 21:28:39,215 [INFO] IPUIPlugin:80 - create IPUIPlugin
2024-06-13 21:28:39,217 [INFO] IPUIPlugin:80 - create IPUIPlugin
2024-06-13 21:28:39,219 [INFO] IPUIPlugin:80 - create IPUIPlugin
2024-06-13 21:28:39,220 [INFO] IPUIPlugin:80 - create IPUIPlugin
2024-06-13 21:28:39,221 [INFO] IPUIPlugin:80 - create IPUIPlugin
2024-06-13 21:28:39,222 [INFO] IPUIPlugin:80 - create IPUIPlugin
2024-06-13 21:28:39,223 [INFO] IPUIPlugin:80 - create IPUIPlugin
2024-06-13 21:28:39,224 [INFO] IPUIPlugin:80 - create IPUIPlugin
2024-06-13 21:28:39,226 [INFO] IPUIPlugin:80 - create IPUIPlugin
2024-06-13 21:28:39,228 [INFO] IPUIPlugin:80 - create IPUIPlugin
2024-06-13 21:28:39,231 [INFO] IPUIPlugin:80 - create IPUIPlugin
2024-06-13 21:28:39,233 [INFO] IPUIPlugin:80 - create IPUIPlugin
2024-06-13 21:28:39,235 [INFO] IPUIPlugin:80 - create IPUIPlugin
2024-06-13 21:28:39,237 [INFO] IPUIPlugin:80 - create IPUIPlugin
2024-06-13 21:28:39,239 [INFO] IPUIPlugin:80 - create IPUIPlugin
2024-06-13 21:28:39,241 [INFO] IPUIPlugin:80 - create IPUIPlugin
2024-06-13 21:28:39,243 [INFO] IPUIPlugin:80 - create IPUIPlugin
2024-06-13 21:28:39,245 [INFO] IPUIPlugin:80 - create IPUIPlugin
2024-06-13 21:28:39,249 [INFO] IPUIPlugin:80 - create IPUIPlugin
2024-06-13 21:28:39,252 [INFO] IPUIPlugin:80 - create IPUIPlugin
2024-06-13 21:28:39,253 [INFO] IPUIPlugin:80 - create IPUIPlugin
2024-06-13 21:28:39,254 [INFO] IPUIPlugin:80 - create IPUIPlugin
2024-06-13 21:28:39,418 [INFO] ApiDbMcu:507 - Load IP Config File for PDM2PCM
2024-06-13 21:28:40,381 [INFO] CADModel:165 - CPN selected for project levelSTM32H750VBT6
2024-06-13 21:28:40,382 [INFO] CADModel:114 - Register for checkConnection events
2024-06-13 21:28:40,427 [INFO] OpenFileManager:328 - Restore cursor
2024-06-13 21:28:44,151 [INFO] UtilMem:75 - End SaveConfig() Used Memory: 430976528 Bytes (608174080)
2024-06-13 21:28:44,608 [INFO] UtilMem:75 - End SaveConfig() Used Memory: 301206696 Bytes (608174080)
2024-06-13 21:28:46,137 [INFO] BlockDiagram:2759 - set Specific Code input for plugin: SPI
2024-06-13 21:28:46,137 [INFO] BlockDiagram:2759 - set Specific Code input for plugin: SPI
2024-06-13 21:28:46,137 [INFO] BlockDiagram:2759 - set Specific Code input for plugin: SPI
2024-06-13 21:28:46,137 [INFO] BlockDiagram:2759 - set Specific Code input for plugin: RCC
2024-06-13 21:28:46,137 [INFO] BlockDiagram:2759 - set Specific Code input for plugin: USART
2024-06-13 21:28:46,137 [INFO] BlockDiagram:2759 - set Specific Code input for plugin: USART
2024-06-13 21:28:46,137 [INFO] BlockDiagram:2759 - set Specific Code input for plugin: DAC
2024-06-13 21:28:46,138 [INFO] BlockDiagram:2759 - set Specific Code input for plugin: TIM1_8H7
2024-06-13 21:28:46,138 [INFO] BlockDiagram:2759 - set Specific Code input for plugin: TIM1_8H7
2024-06-13 21:28:46,138 [INFO] BlockDiagram:2759 - set Specific Code input for plugin: TIM1_8H7
2024-06-13 21:28:46,138 [INFO] BlockDiagram:2759 - set Specific Code input for plugin: ADC
2024-06-13 21:28:46,138 [INFO] BlockDiagram:2759 - set Specific Code input for plugin: SYS
2024-06-13 21:28:46,138 [INFO] BlockDiagram:2759 - set Specific Code input for plugin: ADC
2024-06-13 21:28:46,138 [INFO] BlockDiagram:2759 - set Specific Code input for plugin: NVIC
2024-06-13 21:28:46,138 [INFO] BlockDiagram:2759 - set Specific Code input for plugin: DEBUG
2024-06-13 21:28:46,140 [INFO] BlockDiagram:2759 - set Specific Code input for plugin: GPIO
2024-06-13 21:28:46,141 [INFO] CodeGenerator:799 - code generatio: config db path: C:\ST\STM32CubeIDE_1.13.2\STM32CubeIDE\plugins\com.st.stm32cube.common.mx_6.9.2.202309101412\\db\
2024-06-13 21:28:47,083 [INFO] CodeEngine:255 - oldGeneratedFile, D:\mcu\stm32\stm32h750vbt6\udp\MXTmpFiles\license.tmp_save
2024-06-13 21:28:48,091 [INFO] CodeEngine:279 - Generated code: D:\mcu\stm32\stm32h750vbt6\udp\MXTmpFiles\license.tmp
2024-06-13 21:28:48,806 [INFO] CodeEngine:255 - oldGeneratedFile, D:\mcu\stm32\stm32h750vbt6\udp\MXTmpFiles\gpio.tmp_save
2024-06-13 21:28:49,633 [INFO] CodeEngine:279 - Generated code: D:\mcu\stm32\stm32h750vbt6\udp\MXTmpFiles\gpio.tmp
2024-06-13 21:28:51,842 [WARN] IPConfigManager:99 - WARNING: Missing Config File for DEBUG ip!!
2024-06-13 21:28:55,663 [INFO] CodeEngine:255 - oldGeneratedFile, D:\mcu\stm32\stm32h750vbt6\udp\MXTmpFiles\cortex.tmp_save
2024-06-13 21:28:55,937 [INFO] CodeEngine:279 - Generated code: D:\mcu\stm32\stm32h750vbt6\udp\MXTmpFiles\cortex.tmp
2024-06-13 21:28:56,048 [INFO] CodeEngine:255 - oldGeneratedFile, D:\mcu\stm32\stm32h750vbt6\udp\Core\Src\stm32h7xx_it.c_save
2024-06-13 21:28:56,420 [INFO] CodeEngine:279 - Generated code: D:\mcu\stm32\stm32h750vbt6\udp\Core\Src\stm32h7xx_it.c
2024-06-13 21:28:56,447 [INFO] CodeEngine:255 - oldGeneratedFile, D:\mcu\stm32\stm32h750vbt6\udp\Core\Inc\stm32h7xx_it.h_save
2024-06-13 21:28:56,656 [INFO] CodeEngine:279 - Generated code: D:\mcu\stm32\stm32h750vbt6\udp\Core\Inc\stm32h7xx_it.h
2024-06-13 21:28:57,301 [INFO] CodeEngine:255 - oldGeneratedFile, D:\mcu\stm32\stm32h750vbt6\udp\Core\Src\stm32h7xx_hal_msp.c_save
2024-06-13 21:28:57,618 [INFO] CodeEngine:279 - Generated code: D:\mcu\stm32\stm32h750vbt6\udp\Core\Src\stm32h7xx_hal_msp.c
2024-06-13 21:28:57,655 [INFO] CodeEngine:255 - oldGeneratedFile, D:\mcu\stm32\stm32h750vbt6\udp\MXTmpFiles\system.tmp_save
2024-06-13 21:28:57,822 [INFO] CodeEngine:279 - Generated code: D:\mcu\stm32\stm32h750vbt6\udp\MXTmpFiles\system.tmp
2024-06-13 21:28:57,850 [INFO] CodeEngine:255 - oldGeneratedFile, D:\mcu\stm32\stm32h750vbt6\udp\Core\Src\stm32h7xx_hal_timebase_tim.c_save
2024-06-13 21:28:58,070 [INFO] CodeEngine:279 - Generated code: D:\mcu\stm32\stm32h750vbt6\udp\Core\Src\stm32h7xx_hal_timebase_tim.c
2024-06-13 21:28:58,105 [INFO] CodeEngine:311 - oldGeneratedFile, D:\mcu\stm32\stm32h750vbt6\udp\Core\Inc\stm32h7xx_hal_conf.h_save
2024-06-13 21:28:58,380 [INFO] CodeEngine:335 - Generated code: D:\mcu\stm32\stm32h750vbt6\udp\Core\Inc\stm32h7xx_hal_conf.h
2024-06-13 21:28:58,637 [WARN] IPConfigManager:3431 - IP not found : TIM
2024-06-13 21:28:58,642 [WARN] CodeGenerator:3764 - IP not found : null
2024-06-13 21:28:58,673 [INFO] CodeEngine:255 - oldGeneratedFile, D:\mcu\stm32\stm32h750vbt6\udp\Core\Inc\main.h_save
2024-06-13 21:28:58,975 [INFO] CodeEngine:279 - Generated code: D:\mcu\stm32\stm32h750vbt6\udp\Core\Inc\main.h
2024-06-13 21:28:58,996 [INFO] CodeEngine:255 - oldGeneratedFile, D:\mcu\stm32\stm32h750vbt6\udp\Core\Src\main.c_save
2024-06-13 21:28:59,430 [INFO] CodeEngine:279 - Generated code: D:\mcu\stm32\stm32h750vbt6\udp\Core\Src\main.c
2024-06-13 21:29:00,463 [INFO] ProjectBuilder:3064 - Time for Copy HAL[1] : 266mS.
2024-06-13 21:29:00,476 [INFO] ProjectBuilder:4404 - Project Generator version: 4.1.0
2024-06-13 21:29:01,045 [INFO] ConfigFileManager:1457 - The Die is : DIE450
2024-06-13 21:29:01,075 [INFO] ApiDbMcu:507 - Load IP Config File for FATFS
2024-06-13 21:29:01,101 [INFO] ApiDbMcu:507 - Load IP Config File for FREERTOS
2024-06-13 21:29:01,119 [INFO] ApiDbMcu:507 - Load IP Config File for LIBJPEG
2024-06-13 21:29:01,152 [INFO] ApiDbMcu:507 - Load IP Config File for LWIP
2024-06-13 21:29:01,210 [INFO] ApiDbMcu:507 - Load IP Config File for MBEDTLS
2024-06-13 21:29:01,247 [INFO] ApiDbMcu:507 - Load IP Config File for USB_DEVICE
2024-06-13 21:29:01,267 [INFO] ApiDbMcu:507 - Load IP Config File for USB_HOST
2024-06-13 21:29:03,128 [INFO] LogOutputStream:77 - [STDOUT_REDIRECT] 
2024-06-13 21:29:08,877 [INFO] ProjectBuilder:4626 - Time for Generating toolchain IDE Files: 8402mS.
2024-06-13 21:29:08,878 [INFO] ProjectBuilder:2935 - Time for Copy CMSIS : 0mS.
2024-06-13 21:29:08,880 [INFO] ProjectBuilder:2935 - Time for Copy CMSIS : 0mS.
2024-06-13 21:29:10,624 [INFO] McuFinderGlobals:76 - Set McuFinderConnectedMode to true
2024-06-13 21:29:11,656 [INFO] ApiDb:448 - Save user favorites file C:\Users\nghia/.stm32cubeide/favorites.mcus.txt: 0 item(s)
2024-06-13 21:29:11,656 [INFO] ApiDb:452 - User favorites MCUs=[]
2024-06-13 21:29:14,745 [ERROR] ConfigurationRetriever:142 - IOException on connection: Read timed out
2024-06-13 21:39:09,172 [INFO] UtilMem:75 - End SaveConfig() Used Memory: 906226712 Bytes (1073741824)
2024-06-13 21:39:10,097 [INFO] UtilMem:75 - End SaveConfig() Used Memory: 610203816 Bytes (1073741824)
2024-06-13 21:39:11,710 [INFO] UtilMem:75 - End SaveConfig() Used Memory: 705804968 Bytes (1073741824)
2024-06-13 21:39:12,159 [INFO] BlockDiagram:2759 - set Specific Code input for plugin: SPI
2024-06-13 21:39:12,159 [INFO] BlockDiagram:2759 - set Specific Code input for plugin: RCC
2024-06-13 21:39:12,160 [INFO] BlockDiagram:2759 - set Specific Code input for plugin: SYS
2024-06-13 21:39:12,160 [INFO] BlockDiagram:2759 - set Specific Code input for plugin: NVIC
2024-06-13 21:39:12,160 [INFO] BlockDiagram:2759 - set Specific Code input for plugin: DEBUG
2024-06-13 21:39:12,160 [INFO] BlockDiagram:2759 - set Specific Code input for plugin: GPIO
2024-06-13 21:39:12,161 [INFO] CodeGenerator:799 - code generatio: config db path: C:\ST\STM32CubeIDE_1.13.2\STM32CubeIDE\plugins\com.st.stm32cube.common.mx_6.9.2.202309101412\\db\
2024-06-13 21:39:12,348 [INFO] CodeEngine:255 - oldGeneratedFile, D:\mcu\stm32\stm32h750vbt6\udp\MXTmpFiles\license.tmp_save
2024-06-13 21:39:12,528 [INFO] CodeEngine:279 - Generated code: D:\mcu\stm32\stm32h750vbt6\udp\MXTmpFiles\license.tmp
2024-06-13 21:39:12,649 [INFO] CodeEngine:255 - oldGeneratedFile, D:\mcu\stm32\stm32h750vbt6\udp\MXTmpFiles\gpio.tmp_save
2024-06-13 21:39:12,812 [INFO] CodeEngine:279 - Generated code: D:\mcu\stm32\stm32h750vbt6\udp\MXTmpFiles\gpio.tmp
2024-06-13 21:39:12,850 [WARN] IPConfigManager:99 - WARNING: Missing Config File for DEBUG ip!!
2024-06-13 21:39:12,988 [INFO] CodeEngine:255 - oldGeneratedFile, D:\mcu\stm32\stm32h750vbt6\udp\MXTmpFiles\cortex.tmp_save
2024-06-13 21:39:13,132 [INFO] CodeEngine:279 - Generated code: D:\mcu\stm32\stm32h750vbt6\udp\MXTmpFiles\cortex.tmp
2024-06-13 21:39:13,163 [INFO] CodeEngine:255 - oldGeneratedFile, D:\mcu\stm32\stm32h750vbt6\udp\Core\Src\stm32h7xx_it.c_save
2024-06-13 21:39:13,463 [INFO] CodeEngine:279 - Generated code: D:\mcu\stm32\stm32h750vbt6\udp\Core\Src\stm32h7xx_it.c
2024-06-13 21:39:13,479 [INFO] CodeEngine:255 - oldGeneratedFile, D:\mcu\stm32\stm32h750vbt6\udp\Core\Inc\stm32h7xx_it.h_save
2024-06-13 21:39:13,568 [INFO] CodeEngine:279 - Generated code: D:\mcu\stm32\stm32h750vbt6\udp\Core\Inc\stm32h7xx_it.h
2024-06-13 21:39:13,658 [INFO] CodeEngine:255 - oldGeneratedFile, D:\mcu\stm32\stm32h750vbt6\udp\Core\Src\stm32h7xx_hal_msp.c_save
2024-06-13 21:39:13,808 [INFO] CodeEngine:279 - Generated code: D:\mcu\stm32\stm32h750vbt6\udp\Core\Src\stm32h7xx_hal_msp.c
2024-06-13 21:39:13,811 [INFO] CodeEngine:255 - oldGeneratedFile, D:\mcu\stm32\stm32h750vbt6\udp\MXTmpFiles\system.tmp_save
2024-06-13 21:39:13,864 [INFO] CodeEngine:279 - Generated code: D:\mcu\stm32\stm32h750vbt6\udp\MXTmpFiles\system.tmp
2024-06-13 21:39:13,873 [INFO] CodeEngine:255 - oldGeneratedFile, D:\mcu\stm32\stm32h750vbt6\udp\Core\Src\stm32h7xx_hal_timebase_tim.c_save
2024-06-13 21:39:13,971 [INFO] CodeEngine:279 - Generated code: D:\mcu\stm32\stm32h750vbt6\udp\Core\Src\stm32h7xx_hal_timebase_tim.c
2024-06-13 21:39:13,987 [INFO] CodeEngine:311 - oldGeneratedFile, D:\mcu\stm32\stm32h750vbt6\udp\Core\Inc\stm32h7xx_hal_conf.h_save
2024-06-13 21:39:14,079 [INFO] CodeEngine:335 - Generated code: D:\mcu\stm32\stm32h750vbt6\udp\Core\Inc\stm32h7xx_hal_conf.h
2024-06-13 21:39:14,134 [INFO] CodeEngine:255 - oldGeneratedFile, D:\mcu\stm32\stm32h750vbt6\udp\Core\Inc\main.h_save
2024-06-13 21:39:14,245 [INFO] CodeEngine:279 - Generated code: D:\mcu\stm32\stm32h750vbt6\udp\Core\Inc\main.h
2024-06-13 21:39:14,256 [INFO] CodeEngine:255 - oldGeneratedFile, D:\mcu\stm32\stm32h750vbt6\udp\Core\Src\main.c_save
2024-06-13 21:39:14,379 [INFO] CodeEngine:279 - Generated code: D:\mcu\stm32\stm32h750vbt6\udp\Core\Src\main.c
2024-06-13 21:39:15,032 [INFO] ProjectBuilder:3064 - Time for Copy HAL[1] : 174mS.
2024-06-13 21:39:15,036 [INFO] ProjectBuilder:4404 - Project Generator version: 4.1.0
2024-06-13 21:39:15,387 [INFO] ConfigFileManager:1457 - The Die is : DIE450
2024-06-13 21:39:17,987 [INFO] ProjectBuilder:4626 - Time for Generating toolchain IDE Files: 2951mS.
2024-06-13 21:39:17,988 [INFO] ProjectBuilder:2935 - Time for Copy CMSIS : 0mS.
2024-06-13 21:39:17,990 [INFO] ProjectBuilder:2935 - Time for Copy CMSIS : 0mS.
2024-06-13 21:39:22,462 [INFO] Gpio:273 - dependency for GPIO [DEBUG, RCC, SPI3]
2024-06-13 21:39:23,401 [INFO] Gpio:273 - dependency for GPIO [DEBUG, RCC, SPI3]
2024-06-13 21:41:02,008 [WARN] IP:2114 - PWR_Regulator_Voltage_Scale not found: check if there is a RefParameter without a condition.
2024-06-13 21:41:02,385 [WARN] IP:2114 - PWR_Regulator_Voltage_Scale not found: check if there is a RefParameter without a condition.
2024-06-13 21:41:02,471 [WARN] IP:2114 - PWR_Regulator_Voltage_Scale not found: check if there is a RefParameter without a condition.
2024-06-13 21:41:02,800 [WARN] IP:2114 - PWR_Regulator_Voltage_Scale not found: check if there is a RefParameter without a condition.
2024-06-13 21:41:02,865 [WARN] IP:2114 - PWR_Regulator_Voltage_Scale not found: check if there is a RefParameter without a condition.
2024-06-13 21:41:03,231 [WARN] IP:2114 - PWR_Regulator_Voltage_Scale not found: check if there is a RefParameter without a condition.
2024-06-13 21:41:03,306 [WARN] IP:2114 - PWR_Regulator_Voltage_Scale not found: check if there is a RefParameter without a condition.
2024-06-13 21:41:03,647 [WARN] IP:2114 - PWR_Regulator_Voltage_Scale not found: check if there is a RefParameter without a condition.
2024-06-13 21:41:44,360 [INFO] UtilMem:75 - End SaveConfig() Used Memory: 869319144 Bytes (1073741824)
2024-06-13 21:41:45,469 [INFO] UtilMem:75 - End SaveConfig() Used Memory: 905497064 Bytes (1073741824)
2024-06-13 21:41:46,531 [INFO] UtilMem:75 - End SaveConfig() Used Memory: 956215688 Bytes (1073741824)
2024-06-13 21:41:46,964 [INFO] BlockDiagram:2759 - set Specific Code input for plugin: SPI
2024-06-13 21:41:46,965 [INFO] BlockDiagram:2759 - set Specific Code input for plugin: RCC
2024-06-13 21:41:46,965 [INFO] BlockDiagram:2759 - set Specific Code input for plugin: SYS
2024-06-13 21:41:46,965 [INFO] BlockDiagram:2759 - set Specific Code input for plugin: NVIC
2024-06-13 21:41:46,965 [INFO] BlockDiagram:2759 - set Specific Code input for plugin: DEBUG
2024-06-13 21:41:46,965 [INFO] BlockDiagram:2759 - set Specific Code input for plugin: GPIO
2024-06-13 21:41:46,966 [INFO] CodeGenerator:799 - code generatio: config db path: C:\ST\STM32CubeIDE_1.13.2\STM32CubeIDE\plugins\com.st.stm32cube.common.mx_6.9.2.202309101412\\db\
2024-06-13 21:41:47,284 [INFO] CodeEngine:255 - oldGeneratedFile, D:\mcu\stm32\stm32h750vbt6\udp\MXTmpFiles\license.tmp_save
2024-06-13 21:41:47,436 [INFO] CodeEngine:279 - Generated code: D:\mcu\stm32\stm32h750vbt6\udp\MXTmpFiles\license.tmp
2024-06-13 21:41:47,484 [INFO] CodeEngine:255 - oldGeneratedFile, D:\mcu\stm32\stm32h750vbt6\udp\MXTmpFiles\gpio.tmp_save
2024-06-13 21:41:47,623 [INFO] CodeEngine:279 - Generated code: D:\mcu\stm32\stm32h750vbt6\udp\MXTmpFiles\gpio.tmp
2024-06-13 21:41:47,661 [WARN] IPConfigManager:99 - WARNING: Missing Config File for DEBUG ip!!
2024-06-13 21:41:47,904 [INFO] CodeEngine:255 - oldGeneratedFile, D:\mcu\stm32\stm32h750vbt6\udp\MXTmpFiles\cortex.tmp_save
2024-06-13 21:41:48,045 [INFO] CodeEngine:279 - Generated code: D:\mcu\stm32\stm32h750vbt6\udp\MXTmpFiles\cortex.tmp
2024-06-13 21:41:48,078 [INFO] CodeEngine:255 - oldGeneratedFile, D:\mcu\stm32\stm32h750vbt6\udp\Core\Src\stm32h7xx_it.c_save
2024-06-13 21:41:48,178 [INFO] CodeEngine:279 - Generated code: D:\mcu\stm32\stm32h750vbt6\udp\Core\Src\stm32h7xx_it.c
2024-06-13 21:41:48,193 [INFO] CodeEngine:255 - oldGeneratedFile, D:\mcu\stm32\stm32h750vbt6\udp\Core\Inc\stm32h7xx_it.h_save
2024-06-13 21:41:48,254 [INFO] CodeEngine:279 - Generated code: D:\mcu\stm32\stm32h750vbt6\udp\Core\Inc\stm32h7xx_it.h
2024-06-13 21:41:48,336 [INFO] CodeEngine:255 - oldGeneratedFile, D:\mcu\stm32\stm32h750vbt6\udp\Core\Src\stm32h7xx_hal_msp.c_save
2024-06-13 21:41:48,479 [INFO] CodeEngine:279 - Generated code: D:\mcu\stm32\stm32h750vbt6\udp\Core\Src\stm32h7xx_hal_msp.c
2024-06-13 21:41:48,483 [INFO] CodeEngine:255 - oldGeneratedFile, D:\mcu\stm32\stm32h750vbt6\udp\MXTmpFiles\system.tmp_save
2024-06-13 21:41:48,570 [INFO] CodeEngine:279 - Generated code: D:\mcu\stm32\stm32h750vbt6\udp\MXTmpFiles\system.tmp
2024-06-13 21:41:48,587 [INFO] CodeEngine:255 - oldGeneratedFile, D:\mcu\stm32\stm32h750vbt6\udp\Core\Src\stm32h7xx_hal_timebase_tim.c_save
2024-06-13 21:41:48,657 [INFO] CodeEngine:279 - Generated code: D:\mcu\stm32\stm32h750vbt6\udp\Core\Src\stm32h7xx_hal_timebase_tim.c
2024-06-13 21:41:48,676 [INFO] CodeEngine:311 - oldGeneratedFile, D:\mcu\stm32\stm32h750vbt6\udp\Core\Inc\stm32h7xx_hal_conf.h_save
2024-06-13 21:41:48,810 [INFO] CodeEngine:335 - Generated code: D:\mcu\stm32\stm32h750vbt6\udp\Core\Inc\stm32h7xx_hal_conf.h
2024-06-13 21:41:48,906 [INFO] CodeEngine:255 - oldGeneratedFile, D:\mcu\stm32\stm32h750vbt6\udp\Core\Inc\main.h_save
2024-06-13 21:41:48,997 [INFO] CodeEngine:279 - Generated code: D:\mcu\stm32\stm32h750vbt6\udp\Core\Inc\main.h
2024-06-13 21:41:49,013 [INFO] CodeEngine:255 - oldGeneratedFile, D:\mcu\stm32\stm32h750vbt6\udp\Core\Src\main.c_save
2024-06-13 21:41:49,136 [INFO] CodeEngine:279 - Generated code: D:\mcu\stm32\stm32h750vbt6\udp\Core\Src\main.c
2024-06-13 21:41:49,949 [INFO] ProjectBuilder:3064 - Time for Copy HAL[1] : 197mS.
2024-06-13 21:41:49,953 [INFO] ProjectBuilder:4404 - Project Generator version: 4.1.0
2024-06-13 21:41:50,467 [INFO] ConfigFileManager:1457 - The Die is : DIE450
2024-06-13 21:41:52,909 [INFO] ProjectBuilder:4626 - Time for Generating toolchain IDE Files: 2956mS.
2024-06-13 21:41:52,910 [INFO] ProjectBuilder:2935 - Time for Copy CMSIS : 0mS.
2024-06-13 21:41:52,912 [INFO] ProjectBuilder:2935 - Time for Copy CMSIS : 0mS.
2024-06-13 21:42:23,581 [INFO] LogOutputStream:77 - [STDOUT_REDIRECT] Unexpected error loading extension: org.eclipse.equinox.p2.metadata.repository.compositeRepository
2024-06-13 21:42:23,583 [ERROR] LogOutputStream:75 - [STDERR_REDIRECT] java.lang.IllegalStateException: bundle org.eclipse.equinox.p2.repositoryis not started
2024-06-13 21:42:23,586 [ERROR] LogOutputStream:75 - [STDERR_REDIRECT] 	at org.eclipse.equinox.internal.p2.repository.Activator.getContext(Activator.java:65)
2024-06-13 21:42:23,591 [ERROR] LogOutputStream:75 - [STDERR_REDIRECT] 	at org.eclipse.equinox.internal.p2.repository.helpers.AbstractRepositoryManager.restoreFromSystemProperty(AbstractRepositoryManager.java:1013)
2024-06-13 21:42:23,597 [ERROR] LogOutputStream:75 - [STDERR_REDIRECT] 	at org.eclipse.equinox.internal.p2.repository.helpers.AbstractRepositoryManager.restoreRepositories(AbstractRepositoryManager.java:1033)
2024-06-13 21:42:23,601 [ERROR] LogOutputStream:75 - [STDERR_REDIRECT] 	at org.eclipse.equinox.internal.p2.repository.helpers.AbstractRepositoryManager.removeRepository(AbstractRepositoryManager.java:946)
2024-06-13 21:42:23,607 [ERROR] LogOutputStream:75 - [STDERR_REDIRECT] 	at org.eclipse.equinox.internal.p2.repository.helpers.AbstractRepositoryManager.loadRepository(AbstractRepositoryManager.java:701)
2024-06-13 21:42:23,626 [ERROR] LogOutputStream:75 - [STDERR_REDIRECT] 	at org.eclipse.equinox.internal.p2.metadata.repository.MetadataRepositoryManager.loadRepository(MetadataRepositoryManager.java:110)
2024-06-13 21:42:23,635 [ERROR] LogOutputStream:75 - [STDERR_REDIRECT] 	at org.eclipse.equinox.internal.p2.metadata.repository.MetadataRepositoryManager.loadRepository(MetadataRepositoryManager.java:105)
2024-06-13 21:42:23,639 [ERROR] LogOutputStream:75 - [STDERR_REDIRECT] 	at org.eclipse.equinox.internal.p2.metadata.repository.CompositeMetadataRepository.addChild(CompositeMetadataRepository.java:171)
2024-06-13 21:42:23,645 [ERROR] LogOutputStream:75 - [STDERR_REDIRECT] 	at org.eclipse.equinox.internal.p2.metadata.repository.CompositeMetadataRepository.<init>(CompositeMetadataRepository.java:113)
2024-06-13 21:42:23,649 [ERROR] LogOutputStream:75 - [STDERR_REDIRECT] 	at org.eclipse.equinox.internal.p2.metadata.repository.CompositeMetadataRepositoryFactory.load(CompositeMetadataRepositoryFactory.java:124)
2024-06-13 21:42:23,652 [ERROR] LogOutputStream:75 - [STDERR_REDIRECT] 	at org.eclipse.equinox.internal.p2.metadata.repository.MetadataRepositoryManager.factoryLoad(MetadataRepositoryManager.java:63)
2024-06-13 21:42:23,657 [ERROR] LogOutputStream:75 - [STDERR_REDIRECT] 	at org.eclipse.equinox.internal.p2.repository.helpers.AbstractRepositoryManager.loadRepository(AbstractRepositoryManager.java:787)
2024-06-13 21:42:23,662 [ERROR] LogOutputStream:75 - [STDERR_REDIRECT] 	at org.eclipse.equinox.internal.p2.repository.helpers.AbstractRepositoryManager.loadRepository(AbstractRepositoryManager.java:685)
2024-06-13 21:42:23,666 [ERROR] LogOutputStream:75 - [STDERR_REDIRECT] 	at org.eclipse.equinox.internal.p2.metadata.repository.MetadataRepositoryManager.loadRepository(MetadataRepositoryManager.java:110)
