2024-06-13 21:22:12,119 [INFO] Activator:176 - 


2024-06-13 21:22:12,122 [INFO] Activator:177 - !SESSION log4j initialized
2024-06-13 21:22:16,604 [INFO] LogOutputStream:77 - [STDOUT_REDIRECT] 
2024-06-13 21:22:20,655 [INFO] ApplicationProperties:184 - Using Application install path: C:\ST\STM32CubeIDE_1.13.2\STM32CubeIDE\plugins\com.st.stm32cube.common.mx_6.9.2.202309101412
2024-06-13 21:22:20,677 [INFO] DbMcusXml:78 - Set database path to: C:\ST\STM32CubeIDE_1.13.2\STM32CubeIDE\plugins\com.st.stm32cube.common.mx_6.9.2.202309101412\\db\/mcu/
2024-06-13 21:22:20,678 [INFO] ApiDb:274 - Set plugin database path to: C:\ST\STM32CubeIDE_1.13.2\STM32CubeIDE\plugins\com.st.stm32cube.common.mx_6.9.2.202309101412\\db\/plugins/boardmanager/
2024-06-13 21:22:20,678 [WARN] ApiDb:259 - Overriding images path with different value:  => C:\ST\STM32CubeIDE_1.13.2\STM32CubeIDE\plugins\com.st.stm32cube.common.mx_6.9.2.202309101412\\db\/plugins/mcufinder/images/
2024-06-13 21:22:20,699 [INFO] ApiDb:250 - Set database path to: C:\Users\nghia\.stmcufinder\plugins\mcufinder//mcu/
2024-06-13 21:22:20,700 [INFO] DbMcusAds:125 - Set database path to: C:\Users\nghia\.stmcufinder\plugins\mcufinder//mcu/
2024-06-13 21:22:21,628 [INFO] CrossReferenceDbSqlite:203 - Set database path to: C:\Users\nghia\.stmcufinder\plugins\mcufinder//mcu/cs/
2024-06-13 21:22:21,779 [INFO] RulesReader:64 - Compatibility file has been processed (293 Rules)
2024-06-13 21:22:21,888 [INFO] DbMcusXml:78 - Set database path to: C:\ST\STM32CubeIDE_1.13.2\STM32CubeIDE\plugins\com.st.stm32cube.common.mx_6.9.2.202309101412\\db\/mcu/
2024-06-13 21:22:21,888 [INFO] ApiDb:274 - Set plugin database path to: C:\ST\STM32CubeIDE_1.13.2\STM32CubeIDE\plugins\com.st.stm32cube.common.mx_6.9.2.202309101412\\db\/plugins/boardmanager/
2024-06-13 21:22:21,888 [INFO] ApiDb:261 - Set plugin images path to: C:\ST\STM32CubeIDE_1.13.2\STM32CubeIDE\plugins\com.st.stm32cube.common.mx_6.9.2.202309101412\\db\/plugins/mcufinder/images/
2024-06-13 21:22:21,889 [WARN] DbFile:41 - Overriding database path with different value: C:\Users\nghia\.stmcufinder\plugins\mcufinder/ => C:\Users\nghia\.stmcufinder\plugins\mcufinder
2024-06-13 21:22:21,889 [INFO] ApiDb:250 - Set database path to: C:\Users\nghia\.stmcufinder\plugins\mcufinder//mcu/
2024-06-13 21:22:21,889 [WARN] DbFile:41 - Overriding database path with different value: C:\Users\nghia\.stmcufinder\plugins\mcufinder/ => C:\Users\nghia\.stmcufinder\plugins\mcufinder
2024-06-13 21:22:21,889 [INFO] DbMcusAds:125 - Set database path to: C:\Users\nghia\.stmcufinder\plugins\mcufinder//mcu/
2024-06-13 21:22:21,889 [WARN] DbFile:41 - Overriding database path with different value: C:\Users\nghia\.stmcufinder\plugins\mcufinder/ => C:\Users\nghia\.stmcufinder\plugins\mcufinder
2024-06-13 21:22:21,889 [WARN] DbFile:41 - Overriding database path with different value: C:\Users\nghia\.stmcufinder\plugins\mcufinder/ => C:\Users\nghia\.stmcufinder\plugins\mcufinder
2024-06-13 21:22:22,628 [INFO] CrossReferenceDbSqlite:203 - Set database path to: C:\Users\nghia\.stmcufinder\plugins\mcufinder//mcu/cs/
2024-06-13 21:22:22,730 [INFO] MainPanel:262 - HeapMemory: 268435456
2024-06-13 21:22:22,832 [INFO] DbMcusXml:78 - Set database path to: C:\ST\STM32CubeIDE_1.13.2\STM32CubeIDE\plugins\com.st.stm32cube.common.mx_6.9.2.202309101412\\db\/mcu/
2024-06-13 21:22:22,832 [INFO] ApiDb:274 - Set plugin database path to: C:\ST\STM32CubeIDE_1.13.2\STM32CubeIDE\plugins\com.st.stm32cube.common.mx_6.9.2.202309101412\\db\/plugins/boardmanager/
2024-06-13 21:22:22,833 [INFO] ApiDb:261 - Set plugin images path to: C:\ST\STM32CubeIDE_1.13.2\STM32CubeIDE\plugins\com.st.stm32cube.common.mx_6.9.2.202309101412\\db\/plugins/mcufinder/images/
2024-06-13 21:22:22,833 [WARN] DbFile:41 - Overriding database path with different value: C:\Users\nghia\.stmcufinder\plugins\mcufinder/ => C:\Users\nghia\.stmcufinder\plugins\mcufinder
2024-06-13 21:22:22,833 [INFO] ApiDb:250 - Set database path to: C:\Users\nghia\.stmcufinder\plugins\mcufinder//mcu/
2024-06-13 21:22:22,833 [WARN] DbFile:41 - Overriding database path with different value: C:\Users\nghia\.stmcufinder\plugins\mcufinder/ => C:\Users\nghia\.stmcufinder\plugins\mcufinder
2024-06-13 21:22:22,833 [INFO] DbMcusAds:125 - Set database path to: C:\Users\nghia\.stmcufinder\plugins\mcufinder//mcu/
2024-06-13 21:22:22,834 [WARN] DbFile:41 - Overriding database path with different value: C:\Users\nghia\.stmcufinder\plugins\mcufinder/ => C:\Users\nghia\.stmcufinder\plugins\mcufinder
2024-06-13 21:22:22,834 [WARN] DbFile:41 - Overriding database path with different value: C:\Users\nghia\.stmcufinder\plugins\mcufinder/ => C:\Users\nghia\.stmcufinder\plugins\mcufinder
2024-06-13 21:22:23,628 [INFO] CrossReferenceDbSqlite:203 - Set database path to: C:\Users\nghia\.stmcufinder\plugins\mcufinder//mcu/cs/
2024-06-13 21:22:23,651 [INFO] ApplicationProperties:184 - Using Application install path: C:\ST\STM32CubeIDE_1.13.2\STM32CubeIDE\plugins\com.st.stm32cube.common.mx_6.9.2.202309101412
2024-06-13 21:22:23,652 [INFO] PluginManage:196 - Search for loadable plugins [exclusion list=, ]
2024-06-13 21:22:23,654 [INFO] PluginManage:310 - Check plugin analytics
2024-06-13 21:22:24,739 [INFO] AnalyticsPlugin:253 - Accepted Software Licenses: STM32CubeMX.6.9.2,STM32CubeMX.6.11.1
2024-06-13 21:22:24,739 [INFO] AnalyticsPlugin:255 - Accepted CMSIS Pack Licenses: 
2024-06-13 21:22:24,740 [INFO] AnalyticsPlugin:257 - Accepted Firmware Licenses: FW.F4.1.27.0,FW.H7.1.11.0,FW.F4.1.28.0
2024-06-13 21:22:24,744 [INFO] PluginManage:359 - Loaded plugin analytics (category:tool,tabindex:-1)
2024-06-13 21:22:24,744 [INFO] PluginManage:310 - Check plugin cadmodel
2024-06-13 21:22:24,764 [INFO] CADModel:105 - Init CAD model plugin
2024-06-13 21:22:24,765 [INFO] PluginManage:359 - Loaded plugin cadmodel (category:power,tabindex:5)
2024-06-13 21:22:24,765 [INFO] PluginManage:310 - Check plugin clock
2024-06-13 21:22:24,795 [INFO] PluginManage:359 - Loaded plugin clock (category:base,tabindex:2)
2024-06-13 21:22:24,796 [INFO] PluginManage:310 - Check plugin ddr
2024-06-13 21:22:24,799 [INFO] PluginManage:359 - Loaded plugin ddr (category:tool,tabindex:6)
2024-06-13 21:22:24,800 [INFO] PluginManage:310 - Check plugin filemanager
2024-06-13 21:22:24,993 [INFO] PluginManage:359 - Loaded plugin filemanager (category:base,tabindex:10)
2024-06-13 21:22:24,993 [INFO] PluginManage:310 - Check plugin ipmanager
2024-06-13 21:22:25,003 [INFO] PluginManage:359 - Loaded plugin ipmanager (category:base,tabindex:5)
2024-06-13 21:22:25,004 [INFO] PluginManage:310 - Check plugin lpbam
2024-06-13 21:22:25,027 [INFO] PluginManage:359 - Loaded plugin lpbam (category:base,tabindex:0)
2024-06-13 21:22:25,028 [INFO] PluginManage:310 - Check plugin memorymap
2024-06-13 21:22:25,062 [INFO] PluginManage:359 - Loaded plugin memorymap (category:base,tabindex:4)
2024-06-13 21:22:25,062 [INFO] PluginManage:310 - Check plugin pinoutandconfiguration
2024-06-13 21:22:25,085 [INFO] PluginManage:359 - Loaded plugin pinoutandconfiguration (category:base,tabindex:1)
2024-06-13 21:22:25,085 [INFO] PluginManage:310 - Check plugin pinoutconfig
2024-06-13 21:22:25,228 [WARN] SupportedApi:132 - Cannot load RTOS API schema: s4s-elt-must-match.1: The content of 'definitions' must match (annotation?, (simpleType | complexType)?, (unique | key | keyref)*)). A problem was found starting at: attribute.
2024-06-13 21:22:25,471 [INFO] PluginManage:359 - Loaded plugin pinoutconfig (category:base,tabindex:0)
2024-06-13 21:22:25,471 [INFO] PluginManage:310 - Check plugin power
2024-06-13 21:22:25,498 [INFO] PluginManage:359 - Loaded plugin power (category:power,tabindex:4)
2024-06-13 21:22:25,498 [INFO] PluginManage:310 - Check plugin projectmanager
2024-06-13 21:22:25,519 [INFO] PluginManage:359 - Loaded plugin projectmanager (category:projectmanager,tabindex:3)
2024-06-13 21:22:25,519 [INFO] PluginManage:310 - Check plugin thirdparty
2024-06-13 21:22:25,905 [INFO] PluginManage:359 - Loaded plugin thirdparty (category:base,tabindex:-1)
2024-06-13 21:22:25,905 [WARN] IntegrityCheckThread:84 - waiting for thirdparty lock release [integrity check]
2024-06-13 21:22:25,906 [INFO] PluginManage:310 - Check plugin tools
2024-06-13 21:22:25,906 [INFO] IntegrityCheckThread:86 - entering critical section [integrity check]
2024-06-13 21:22:25,907 [INFO] ThirdPartyUpdaterWithRetryManager:70 - Updater plugin not ready yet. [1/15]
2024-06-13 21:22:25,960 [INFO] PluginManage:359 - Loaded plugin tools (category:base,tabindex:7)
2024-06-13 21:22:25,960 [INFO] PluginManage:310 - Check plugin tutovideos
2024-06-13 21:22:26,222 [INFO] PluginManage:359 - Loaded plugin tutovideos (category:base,tabindex:-1)
2024-06-13 21:22:26,222 [INFO] PluginManage:310 - Check plugin updater
2024-06-13 21:22:26,237 [INFO] PluginManage:359 - Loaded plugin updater (category:base,tabindex:12)
2024-06-13 21:22:26,237 [INFO] PluginManage:310 - Check plugin userauth
2024-06-13 21:22:26,245 [INFO] UserAuth:113 - Init User Auth plugin
2024-06-13 21:22:26,245 [INFO] PluginManage:359 - Loaded plugin userauth (category:base,tabindex:14)
2024-06-13 21:22:26,246 [INFO] PluginManage:283 - PluginManage : Loaded plugins [17]
2024-06-13 21:22:26,549 [INFO] PinOutPanel:1499 - setPackage(No Configuration,No Configuration)
2024-06-13 21:22:26,710 [INFO] CADModel:165 - CPN selected for project level
2024-06-13 21:22:26,710 [INFO] CADModel:114 - Register for checkConnection events
2024-06-13 21:22:26,752 [INFO] IPUIPlugin:80 - create IPUIPlugin
2024-06-13 21:22:26,752 [INFO] PluginManager:220 - loadIPPluginJar : add adc
2024-06-13 21:22:26,805 [INFO] IPUIPlugin:80 - create IPUIPlugin
2024-06-13 21:22:26,805 [INFO] PluginManager:220 - loadIPPluginJar : add aes
2024-06-13 21:22:26,863 [INFO] IPUIPlugin:80 - create IPUIPlugin
2024-06-13 21:22:26,863 [INFO] PluginManager:220 - loadIPPluginJar : add can
2024-06-13 21:22:26,895 [INFO] IPUIPlugin:80 - create IPUIPlugin
2024-06-13 21:22:26,895 [INFO] PluginManager:220 - loadIPPluginJar : add comp
2024-06-13 21:22:26,967 [INFO] IPUIPlugin:80 - create IPUIPlugin
2024-06-13 21:22:26,967 [INFO] PluginManager:220 - loadIPPluginJar : add cryp
2024-06-13 21:22:27,029 [INFO] IPUIPlugin:80 - create IPUIPlugin
2024-06-13 21:22:27,029 [INFO] PluginManager:220 - loadIPPluginJar : add dfsdm
2024-06-13 21:22:27,053 [INFO] IPUIPlugin:80 - create IPUIPlugin
2024-06-13 21:22:27,054 [INFO] PluginManager:220 - loadIPPluginJar : add dma
2024-06-13 21:22:27,136 [INFO] IPUIPlugin:80 - create IPUIPlugin
2024-06-13 21:22:27,136 [INFO] PluginManager:220 - loadIPPluginJar : add dma3
2024-06-13 21:22:27,164 [INFO] IPUIPlugin:80 - create IPUIPlugin
2024-06-13 21:22:27,164 [INFO] PluginManager:220 - loadIPPluginJar : add fatfs
2024-06-13 21:22:27,231 [INFO] IPUIPlugin:80 - create IPUIPlugin
2024-06-13 21:22:27,231 [INFO] PluginManager:220 - loadIPPluginJar : add fmc
2024-06-13 21:22:27,249 [INFO] IPUIPlugin:80 - create IPUIPlugin
2024-06-13 21:22:27,250 [INFO] PluginManager:220 - loadIPPluginJar : add freertos
2024-06-13 21:22:27,279 [INFO] IPUIPlugin:80 - create IPUIPlugin
2024-06-13 21:22:27,279 [INFO] PluginManager:220 - loadIPPluginJar : add genericplugin
2024-06-13 21:22:27,413 [INFO] IPUIPlugin:80 - create IPUIPlugin
2024-06-13 21:22:27,413 [INFO] PluginManager:220 - loadIPPluginJar : add gfxmmu
2024-06-13 21:22:27,599 [INFO] IPUIPlugin:80 - create IPUIPlugin
2024-06-13 21:22:27,599 [INFO] PluginManager:220 - loadIPPluginJar : add gic
2024-06-13 21:22:27,615 [INFO] IPUIPlugin:80 - create IPUIPlugin
2024-06-13 21:22:27,615 [INFO] PluginManager:220 - loadIPPluginJar : add gpio
2024-06-13 21:22:27,739 [INFO] IPUIPlugin:80 - create IPUIPlugin
2024-06-13 21:22:27,739 [INFO] PluginManager:220 - loadIPPluginJar : add gtzc
2024-06-13 21:22:27,784 [INFO] IPUIPlugin:80 - create IPUIPlugin
2024-06-13 21:22:27,785 [INFO] PluginManager:220 - loadIPPluginJar : add hash
2024-06-13 21:22:27,888 [INFO] IPUIPlugin:80 - create IPUIPlugin
2024-06-13 21:22:27,888 [INFO] PluginManager:220 - loadIPPluginJar : add i2c
2024-06-13 21:22:27,968 [INFO] IPUIPlugin:80 - create IPUIPlugin
2024-06-13 21:22:27,968 [INFO] PluginManager:220 - loadIPPluginJar : add i2s
2024-06-13 21:22:28,027 [INFO] IPUIPlugin:80 - create IPUIPlugin
2024-06-13 21:22:28,028 [INFO] PluginManager:220 - loadIPPluginJar : add i3c
2024-06-13 21:22:28,174 [INFO] IPUIPlugin:80 - create IPUIPlugin
2024-06-13 21:22:28,174 [INFO] PluginManager:220 - loadIPPluginJar : add ipddr
2024-06-13 21:22:28,303 [INFO] IPUIPlugin:80 - create IPUIPlugin
2024-06-13 21:22:28,304 [INFO] PluginManager:220 - loadIPPluginJar : add linkedlist
2024-06-13 21:22:28,351 [INFO] IPUIPlugin:80 - create IPUIPlugin
2024-06-13 21:22:28,351 [INFO] PluginManager:220 - loadIPPluginJar : add lorawan
2024-06-13 21:22:28,400 [INFO] IPUIPlugin:80 - create IPUIPlugin
2024-06-13 21:22:28,401 [INFO] PluginManager:220 - loadIPPluginJar : add ltdc
2024-06-13 21:22:28,418 [INFO] IPUIPlugin:80 - create IPUIPlugin
2024-06-13 21:22:28,420 [INFO] PluginManager:220 - loadIPPluginJar : add mdma
2024-06-13 21:22:28,435 [INFO] IPUIPlugin:80 - create IPUIPlugin
2024-06-13 21:22:28,435 [INFO] PluginManager:220 - loadIPPluginJar : add nvic
2024-06-13 21:22:28,484 [INFO] IPUIPlugin:80 - create IPUIPlugin
2024-06-13 21:22:28,484 [INFO] PluginManager:220 - loadIPPluginJar : add opamp
2024-06-13 21:22:28,566 [INFO] IPUIPlugin:80 - create IPUIPlugin
2024-06-13 21:22:28,567 [INFO] PluginManager:220 - loadIPPluginJar : add openamp
2024-06-13 21:22:28,640 [INFO] IPUIPlugin:80 - create IPUIPlugin
2024-06-13 21:22:28,640 [INFO] PluginManager:220 - loadIPPluginJar : add pdm2pcm
2024-06-13 21:22:28,660 [INFO] IPUIPlugin:80 - create IPUIPlugin
2024-06-13 21:22:28,662 [INFO] PluginManager:220 - loadIPPluginJar : add plateformsettings
2024-06-13 21:22:28,691 [INFO] IPUIPlugin:80 - create IPUIPlugin
2024-06-13 21:22:28,691 [INFO] PluginManager:220 - loadIPPluginJar : add quadspi
2024-06-13 21:22:28,706 [INFO] IPUIPlugin:80 - create IPUIPlugin
2024-06-13 21:22:28,706 [INFO] PluginManager:220 - loadIPPluginJar : add resmgrutility
2024-06-13 21:22:28,775 [INFO] IPUIPlugin:80 - create IPUIPlugin
2024-06-13 21:22:28,775 [INFO] PluginManager:220 - loadIPPluginJar : add sai
2024-06-13 21:22:28,829 [INFO] IPUIPlugin:80 - create IPUIPlugin
2024-06-13 21:22:28,829 [INFO] PluginManager:220 - loadIPPluginJar : add spi
2024-06-13 21:22:28,907 [INFO] ThirdPartyUpdaterWithRetryManager:70 - Updater plugin not ready yet. [2/15]
2024-06-13 21:22:28,911 [INFO] IPUIPlugin:80 - create IPUIPlugin
2024-06-13 21:22:28,912 [INFO] PluginManager:220 - loadIPPluginJar : add stm32_wpan
2024-06-13 21:22:28,944 [INFO] IPUIPlugin:80 - create IPUIPlugin
2024-06-13 21:22:28,944 [INFO] PluginManager:220 - loadIPPluginJar : add tim
2024-06-13 21:22:29,027 [INFO] IPUIPlugin:80 - create IPUIPlugin
2024-06-13 21:22:29,027 [INFO] PluginManager:220 - loadIPPluginJar : add touchsensing
2024-06-13 21:22:29,061 [INFO] IPUIPlugin:80 - create IPUIPlugin
2024-06-13 21:22:29,062 [INFO] PluginManager:220 - loadIPPluginJar : add tracer_emb
2024-06-13 21:22:29,100 [INFO] IPUIPlugin:80 - create IPUIPlugin
2024-06-13 21:22:29,100 [INFO] PluginManager:220 - loadIPPluginJar : add ts
2024-06-13 21:22:29,131 [INFO] IPUIPlugin:80 - create IPUIPlugin
2024-06-13 21:22:29,132 [INFO] PluginManager:220 - loadIPPluginJar : add tsc
2024-06-13 21:22:29,165 [INFO] IPUIPlugin:80 - create IPUIPlugin
2024-06-13 21:22:29,165 [INFO] PluginManager:220 - loadIPPluginJar : add ucpd
2024-06-13 21:22:29,229 [INFO] IPUIPlugin:80 - create IPUIPlugin
2024-06-13 21:22:29,229 [INFO] PluginManager:220 - loadIPPluginJar : add usart
2024-06-13 21:22:29,294 [INFO] IPUIPlugin:80 - create IPUIPlugin
2024-06-13 21:22:29,294 [INFO] PluginManager:220 - loadIPPluginJar : add usbx
2024-06-13 21:22:29,440 [INFO] CADModel:165 - CPN selected for project level
2024-06-13 21:22:29,440 [INFO] CADModel:114 - Register for checkConnection events
2024-06-13 21:22:29,440 [FATAL] Updater:308 - Updater called before beeing initialized
2024-06-13 21:22:29,441 [ERROR] CADModel:125 - Updater not yet initialized, retry later 
2024-06-13 21:22:29,632 [INFO] CADModel:165 - CPN selected for project level
2024-06-13 21:22:29,632 [INFO] CADModel:114 - Register for checkConnection events
2024-06-13 21:22:29,632 [FATAL] Updater:308 - Updater called before beeing initialized
2024-06-13 21:22:29,632 [ERROR] CADModel:125 - Updater not yet initialized, retry later 
2024-06-13 21:22:29,637 [FATAL] Updater:308 - Updater called before beeing initialized
2024-06-13 21:22:29,809 [FATAL] Updater:308 - Updater called before beeing initialized
2024-06-13 21:22:29,827 [INFO] DbMcusAds:53 - JSON generation date=Thu May 16 16:22:00 ICT 2024 (1715851320667)
2024-06-13 21:22:29,827 [FATAL] Updater:308 - Updater called before beeing initialized
2024-06-13 21:22:29,948 [WARN] DetailPanel:346 - Failed to get advertising image, set to default
2024-06-13 21:22:30,086 [FATAL] Updater:308 - Updater called before beeing initialized
2024-06-13 21:22:30,089 [FATAL] Updater:308 - Updater called before beeing initialized
2024-06-13 21:22:30,089 [FATAL] Updater:308 - Updater called before beeing initialized
2024-06-13 21:22:30,089 [WARN] DetailPanel:346 - Failed to get advertising image, set to default
2024-06-13 21:22:30,091 [FATAL] Updater:308 - Updater called before beeing initialized
2024-06-13 21:22:30,183 [ERROR] Updater:1120 - MainUpdater not yet initialized. External WinMGr cannot be set.
2024-06-13 21:22:30,198 [INFO] Updater:1056 - Updater Version found : 6.9.2
2024-06-13 21:22:30,224 [INFO] ApplicationProperties:184 - Using Application install path: C:\ST\STM32CubeIDE_1.13.2\STM32CubeIDE\plugins\com.st.stm32cube.common.mx_6.9.2.202309101412
2024-06-13 21:22:31,810 [INFO] MainUpdater:2868 - connection check result : 10
2024-06-13 21:22:31,811 [INFO] MainUpdater:285 - Updater Check For Update Now.
2024-06-13 21:22:31,811 [INFO] MicroXplorer:498 - Change Database Version : DB.6.0.92
2024-06-13 21:22:31,838 [INFO] McuFinderGlobals:63 - Set McuFinder mode to 2 (CubeIDE integrated)
2024-06-13 21:22:31,838 [INFO] UserAuth:179 - activating auth plugin
2024-06-13 21:22:31,842 [INFO] UserAuth:393 - Internet connection configuration mode: 1
2024-06-13 21:22:31,878 [INFO] JxBrowserEngine:151 - Initiate JxBrowser Engine with user profile folder
2024-06-13 21:22:31,908 [WARN] MainUpdater:1189 - Updater busy. Cannot search thirdparties
2024-06-13 21:22:31,908 [INFO] ThirdPartyUpdaterWithRetryManager:96 - Updater plugin is busy. [1/15]
2024-06-13 21:22:32,094 [INFO] CheckServerUpdateThread:120 - End of CheckServer Thread
2024-06-13 21:22:34,696 [INFO] WebApp:157 - Instantiating new browser for Auth
2024-06-13 21:22:35,545 [WARN] PackLoader:240 - Cannot read IP mode file for STMicroelectronics.FP-SNS-MOTENVWB1.1.4.0
2024-06-13 21:22:35,588 [WARN] PackLoader:240 - Cannot read IP mode file for STMicroelectronics.X-CUBE-SMBUS.2.1.0
2024-06-13 21:22:35,628 [WARN] PackLoader:240 - Cannot read IP mode file for STMicroelectronics.X-CUBE-TOUCHGFX.4.23.1
2024-06-13 21:22:35,690 [WARN] PackLoader:240 - Cannot read IP mode file for STMicroelectronics.X-CUBE-TOUCHGFX.4.23.0
2024-06-13 21:22:35,743 [WARN] PackLoader:240 - Cannot read IP mode file for STMicroelectronics.X-CUBE-TOUCHGFX.4.23.2
2024-06-13 21:22:35,869 [WARN] PackLoader:240 - Cannot read IP mode file for STMicroelectronics.X-CUBE-AZRTOS-F7.1.1.0
2024-06-13 21:22:35,921 [WARN] PackLoader:240 - Cannot read IP mode file for STMicroelectronics.FP-SNS-MOTENV1.4.3.2
2024-06-13 21:22:35,972 [WARN] PackLoader:240 - Cannot read IP mode file for STMicroelectronics.FP-SNS-FLIGHT1.5.0.2
2024-06-13 21:22:36,029 [WARN] PackLoader:240 - Cannot read IP mode file for STMicroelectronics.X-CUBE-DISPLAY.3.0.0
2024-06-13 21:22:36,089 [WARN] PackLoader:240 - Cannot read IP mode file for STMicroelectronics.X-CUBE-BLE1.7.0.0
2024-06-13 21:22:36,121 [WARN] PackLoader:240 - Cannot read IP mode file for emotas.I-CUBE-CANOPEN.1.3.0
2024-06-13 21:22:36,156 [WARN] PackLoader:240 - Cannot read IP mode file for STMicroelectronics.X-CUBE-TOUCHGFX.4.22.1
2024-06-13 21:22:36,229 [WARN] PackLoader:240 - Cannot read IP mode file for STMicroelectronics.X-CUBE-BLEMGR.3.1.0
2024-06-13 21:22:36,261 [WARN] PackLoader:240 - Cannot read IP mode file for STMicroelectronics.FP-SNS-SMARTAG2.1.2.0
2024-06-13 21:22:36,269 [INFO] WebApp:753 - Register for checkConnection events
2024-06-13 21:22:36,269 [INFO] WebApp:390 - Apply proxy settings
2024-06-13 21:22:36,270 [INFO] WebApp:475 - Chromium requires no authentication
2024-06-13 21:22:36,287 [INFO] WebApp:418 - Direct internet connection detected
2024-06-13 21:22:36,304 [INFO] LogOutputStream:77 - [STDOUT_REDIRECT] 1 : Invalid condition id : UX_CORESTACK_Condition cause : null
2024-06-13 21:22:36,305 [INFO] LogOutputStream:77 - [STDOUT_REDIRECT] 1 : Invalid condition id : UX_CORESTACK_Condition cause : null
2024-06-13 21:22:36,308 [INFO] LogOutputStream:77 - [STDOUT_REDIRECT] 1 : Invalid condition id : UX_CORESTACK_Condition cause : null
2024-06-13 21:22:36,311 [INFO] LogOutputStream:77 - [STDOUT_REDIRECT] 1 : Invalid condition id : UX_CORESTACK_Condition cause : null
2024-06-13 21:22:36,314 [INFO] LogOutputStream:77 - [STDOUT_REDIRECT] 1 : Invalid condition id : UX_CORESTACK_Condition cause : null
2024-06-13 21:22:36,322 [WARN] PackLoader:240 - Cannot read IP mode file for STMicroelectronics.X-CUBE-AZRTOS-WL.2.0.0
2024-06-13 21:22:36,352 [WARN] PackLoader:240 - Cannot read IP mode file for STMicroelectronics.FP-SNS-MOTENV1.5.0.0
2024-06-13 21:22:36,388 [WARN] PackLoader:240 - Cannot read IP mode file for WES.I-CUBE-Cesium.1.3.0
2024-06-13 21:22:36,414 [WARN] PackLoader:240 - Cannot read IP mode file for STMicroelectronics.X-CUBE-BLE2.3.3.0
2024-06-13 21:22:36,441 [WARN] PackLoader:240 - Cannot read IP mode file for STMicroelectronics.X-CUBE-TCPP.4.1.0
2024-06-13 21:22:36,472 [WARN] PackLoader:240 - Cannot read IP mode file for STMicroelectronics.X-CUBE-ALGOBUILD.1.3.0
2024-06-13 21:22:36,556 [WARN] PackLoader:240 - Cannot read IP mode file for STMicroelectronics.X-CUBE-AZRTOS-G0.1.1.0
2024-06-13 21:22:36,593 [WARN] PackLoader:240 - Cannot read IP mode file for STMicroelectronics.X-CUBE-SAFEA1.1.2.2
2024-06-13 21:22:36,621 [WARN] PackLoader:240 - Cannot read IP mode file for STMicroelectronics.X-CUBE-NFC4.3.0.0
2024-06-13 21:22:36,645 [WARN] PackLoader:240 - Cannot read IP mode file for wolfSSL.I-CUBE-wolfMQTT.1.18.0
2024-06-13 21:22:36,679 [WARN] PackLoader:240 - Cannot read IP mode file for STMicroelectronics.X-CUBE-BLEMGR.3.0.0
2024-06-13 21:22:36,708 [WARN] PackLoader:240 - Cannot read IP mode file for STMicroelectronics.FP-ATR-SIGFOX1.3.2.0
2024-06-13 21:22:36,721 [INFO] WebApp:188 - Starting web application
2024-06-13 21:22:36,721 [INFO] WebApp:520 - Web application path used C:\ST\STM32CubeIDE_1.13.2\STM32CubeIDE\plugins\com.st.stm32cube.common.mx_6.9.2.202309101412\db\plugins\mcufinder\reactClient1\index.html
2024-06-13 21:22:36,735 [WARN] PackLoader:240 - Cannot read IP mode file for STMicroelectronics.X-CUBE-EEPRMA1.5.1.0
2024-06-13 21:22:36,915 [WARN] PackLoader:240 - Cannot read IP mode file for SEGGER.I-CUBE-embOS.1.3.1
2024-06-13 21:22:37,067 [WARN] PackLoader:240 - Cannot read IP mode file for STMicroelectronics.X-CUBE-ALGOBUILD.1.4.0
2024-06-13 21:22:37,100 [WARN] PackLoader:240 - Cannot read IP mode file for STMicroelectronics.X-CUBE-GNSS1.6.0.0
2024-06-13 21:22:37,203 [WARN] PackLoader:240 - Cannot read IP mode file for STMicroelectronics.X-CUBE-AZRTOS-F4.1.1.0
2024-06-13 21:22:37,240 [WARN] PackLoader:240 - Cannot read IP mode file for wolfSSL.I-CUBE-wolfSSL.5.6.4
2024-06-13 21:22:37,301 [WARN] PackLoader:240 - Cannot read IP mode file for STMicroelectronics.X-CUBE-FREERTOS.1.2.0
2024-06-13 21:22:37,378 [WARN] PackLoader:240 - Cannot read IP mode file for STMicroelectronics.X-CUBE-AZRTOS-L5.2.0.0
2024-06-13 21:22:37,416 [WARN] PackLoader:240 - Cannot read IP mode file for STMicroelectronics.X-CUBE-EEPRMA1.4.2.0
2024-06-13 21:22:37,448 [WARN] PackLoader:240 - Cannot read IP mode file for STMicroelectronics.X-CUBE-NFC6.3.1.0
2024-06-13 21:22:37,484 [WARN] PackLoader:240 - Cannot read IP mode file for ITTIA_DB.I-CUBE-ITTIADB.8.8.0
2024-06-13 21:22:37,511 [WARN] PackLoader:240 - Cannot read IP mode file for STMicroelectronics.X-CUBE-AI.9.0.0
2024-06-13 21:22:37,578 [WARN] ConditionMgr:438 - getConditionDescription Invalid condition id : UX DEVICE CLASS RTOS Condition cause : null
2024-06-13 21:22:37,579 [WARN] ConditionMgr:438 - getConditionDescription Invalid condition id : UX DEVICE CLASS RTOS Condition cause : null
2024-06-13 21:22:37,585 [WARN] PackLoader:240 - Cannot read IP mode file for STMicroelectronics.X-CUBE-AZRTOS-H7.3.1.0
2024-06-13 21:22:37,587 [WARN] ConditionMgr:1039 - genDependencies : Invalid condition id : UX DEVICE CLASS RTOS Condition cause : null
2024-06-13 21:22:37,588 [WARN] ConditionMgr:1039 - genDependencies : Invalid condition id : UX DEVICE CLASS RTOS Condition cause : null
2024-06-13 21:22:37,589 [WARN] ConditionMgr:1039 - genDependencies : Invalid condition id : UX DEVICE CLASS RTOS Condition cause : null
2024-06-13 21:22:37,590 [WARN] ConditionMgr:1039 - genDependencies : Invalid condition id : UX DEVICE CLASS RTOS Condition cause : null
2024-06-13 21:22:37,590 [WARN] ConditionMgr:1039 - genDependencies : Invalid condition id : UX DEVICE CLASS RTOS Condition cause : null
2024-06-13 21:22:37,614 [WARN] PackLoader:240 - Cannot read IP mode file for STMicroelectronics.X-CUBE-NFC7.1.0.1
2024-06-13 21:22:37,641 [WARN] PackLoader:240 - Cannot read IP mode file for STMicroelectronics.X-CUBE-NFC6.3.0.0
2024-06-13 21:22:37,667 [WARN] PackLoader:240 - Cannot read IP mode file for STMicroelectronics.X-CUBE-AI.8.1.0
2024-06-13 21:22:37,722 [WARN] ConditionMgr:438 - getConditionDescription Invalid condition id : LAN8742 Phy interface Condition cause : null
2024-06-13 21:22:37,723 [WARN] PackLoader:240 - Cannot read IP mode file for STMicroelectronics.X-CUBE-AZRTOS-L4.2.0.0
2024-06-13 21:22:37,724 [WARN] ConditionMgr:1039 - genDependencies : Invalid condition id : LAN8742 Phy interface Condition cause : null
2024-06-13 21:22:37,725 [WARN] ConditionMgr:1039 - genDependencies : Invalid condition id : LAN8742 Phy interface Condition cause : null
2024-06-13 21:22:37,725 [WARN] ConditionMgr:1039 - genDependencies : Invalid condition id : LAN8742 Phy interface Condition cause : null
2024-06-13 21:22:37,751 [WARN] PackLoader:240 - Cannot read IP mode file for STMicroelectronics.X-CUBE-SFXS2LP1.4.0.0
2024-06-13 21:22:37,773 [WARN] PackLoader:240 - Cannot read IP mode file for STMicroelectronics.X-CUBE-ISPU.1.1.0
2024-06-13 21:22:37,818 [WARN] ConditionMgr:438 - getConditionDescription Invalid condition id : UX DEVICE CLASS RTOS Condition cause : null
2024-06-13 21:22:37,818 [WARN] ConditionMgr:438 - getConditionDescription Invalid condition id : UX DEVICE CLASS RTOS Condition cause : null
2024-06-13 21:22:37,822 [WARN] PackLoader:240 - Cannot read IP mode file for STMicroelectronics.X-CUBE-AZRTOS-WB.2.0.0
2024-06-13 21:22:37,823 [WARN] ConditionMgr:1039 - genDependencies : Invalid condition id : UX DEVICE CLASS RTOS Condition cause : null
2024-06-13 21:22:37,824 [WARN] ConditionMgr:1039 - genDependencies : Invalid condition id : UX DEVICE CLASS RTOS Condition cause : null
2024-06-13 21:22:37,824 [WARN] ConditionMgr:1039 - genDependencies : Invalid condition id : UX DEVICE CLASS RTOS Condition cause : null
2024-06-13 21:22:37,825 [WARN] ConditionMgr:1039 - genDependencies : Invalid condition id : UX DEVICE CLASS RTOS Condition cause : null
2024-06-13 21:22:37,825 [WARN] ConditionMgr:1039 - genDependencies : Invalid condition id : UX DEVICE CLASS RTOS Condition cause : null
2024-06-13 21:22:37,857 [WARN] PackLoader:240 - Cannot read IP mode file for STMicroelectronics.X-CUBE-SUBG2.5.0.0
2024-06-13 21:22:37,901 [WARN] PackLoader:240 - Cannot read IP mode file for STMicroelectronics.X-CUBE-TOF1.3.3.1
2024-06-13 21:22:37,957 [WARN] PackLoader:240 - Cannot read IP mode file for STMicroelectronics.X-CUBE-AZRTOS-G4.2.0.0
2024-06-13 21:22:37,999 [WARN] PackLoader:240 - Cannot read IP mode file for Infineon.AIROC-Wi-Fi-Bluetooth-STM32.1.5.1
2024-06-13 21:22:38,027 [WARN] PackLoader:240 - Cannot read IP mode file for STMicroelectronics.FP-SNS-MOTENVWB1.1.3.0
2024-06-13 21:22:38,050 [WARN] PackLoader:240 - Cannot read IP mode file for STMicroelectronics.FP-SNS-MOTENVWB1.1.3.1
2024-06-13 21:22:38,071 [WARN] PackLoader:240 - Cannot read IP mode file for STMicroelectronics.X-CUBE-ISPU.2.0.0
2024-06-13 21:22:38,092 [WARN] PackLoader:240 - Cannot read IP mode file for STMicroelectronics.X-CUBE-ALS.1.0.2
2024-06-13 21:22:38,187 [WARN] PackLoader:240 - Cannot read IP mode file for STMicroelectronics.X-CUBE-MEMS1.10.0.0
2024-06-13 21:22:38,434 [WARN] PackLoader:240 - Cannot read IP mode file for STMicroelectronics.X-CUBE-FREERTOS.1.1.0
2024-06-13 21:22:38,457 [WARN] PackLoader:240 - Cannot read IP mode file for portGmbH.I-Cube-SoM-uGOAL.1.1.0
2024-06-13 21:22:38,476 [WARN] PackLoader:240 - Cannot read IP mode file for STMicroelectronics.X-CUBE-ALS.1.0.1
2024-06-13 21:22:38,527 [WARN] PackLoader:240 - Cannot read IP mode file for STMicroelectronics.X-CUBE-AZRTOS-H7RS.1.0.0
2024-06-13 21:22:38,552 [WARN] PackLoader:240 - Cannot read IP mode file for STMicroelectronics.FP-ATR-ASTRA1.2.0.0
2024-06-13 21:22:38,583 [WARN] PackLoader:240 - Cannot read IP mode file for STMicroelectronics.X-CUBE-TOF1.3.4.0
2024-06-13 21:22:38,639 [WARN] PackLoader:240 - Cannot read IP mode file for STMicroelectronics.X-CUBE-AZRTOS-H7.3.2.0
2024-06-13 21:22:38,645 [INFO] ThirdParty:978 - Integrity check success = true
2024-06-13 21:22:38,645 [INFO] IntegrityCheckThread:100 - exiting critical section [integrity check]
2024-06-13 21:22:38,645 [INFO] IntegrityCheckThread:103 - End integrity checks thread
2024-06-13 21:22:58,529 [ERROR] LogOutputStream:75 - [STDERR_REDIRECT] SLF4J: Failed to load class "org.slf4j.impl.StaticLoggerBinder".
2024-06-13 21:22:58,530 [ERROR] LogOutputStream:75 - [STDERR_REDIRECT] SLF4J: Defaulting to no-operation (NOP) logger implementation
2024-06-13 21:22:58,533 [ERROR] LogOutputStream:75 - [STDERR_REDIRECT] SLF4J: See http://www.slf4j.org/codes.html#StaticLoggerBinder for further details.
2024-06-13 21:23:16,012 [INFO] LogOutputStream:77 - [STDOUT_REDIRECT] Unexpected error loading extension: org.eclipse.equinox.p2.metadata.repository.compositeRepository
2024-06-13 21:23:16,015 [ERROR] LogOutputStream:75 - [STDERR_REDIRECT] java.lang.IllegalStateException: bundle org.eclipse.equinox.p2.repositoryis not started
2024-06-13 21:23:16,019 [ERROR] LogOutputStream:75 - [STDERR_REDIRECT] 	at org.eclipse.equinox.internal.p2.repository.Activator.getContext(Activator.java:65)
2024-06-13 21:23:16,023 [ERROR] LogOutputStream:75 - [STDERR_REDIRECT] 	at org.eclipse.equinox.internal.p2.repository.helpers.AbstractRepositoryManager.restoreFromSystemProperty(AbstractRepositoryManager.java:1013)
2024-06-13 21:23:16,028 [ERROR] LogOutputStream:75 - [STDERR_REDIRECT] 	at org.eclipse.equinox.internal.p2.repository.helpers.AbstractRepositoryManager.restoreRepositories(AbstractRepositoryManager.java:1033)
2024-06-13 21:23:16,032 [ERROR] LogOutputStream:75 - [STDERR_REDIRECT] 	at org.eclipse.equinox.internal.p2.repository.helpers.AbstractRepositoryManager.sortSuffixes(AbstractRepositoryManager.java:1112)
2024-06-13 21:23:16,036 [ERROR] LogOutputStream:75 - [STDERR_REDIRECT] 	at org.eclipse.equinox.internal.p2.repository.helpers.AbstractRepositoryManager.loadRepository(AbstractRepositoryManager.java:676)
2024-06-13 21:23:16,041 [ERROR] LogOutputStream:75 - [STDERR_REDIRECT] 	at org.eclipse.equinox.internal.p2.metadata.repository.MetadataRepositoryManager.loadRepository(MetadataRepositoryManager.java:110)
2024-06-13 21:23:16,048 [ERROR] LogOutputStream:75 - [STDERR_REDIRECT] 	at org.eclipse.equinox.internal.p2.metadata.repository.MetadataRepositoryManager.loadRepository(MetadataRepositoryManager.java:105)
2024-06-13 21:23:16,054 [ERROR] LogOutputStream:75 - [STDERR_REDIRECT] 	at org.eclipse.equinox.internal.p2.metadata.repository.CompositeMetadataRepository.addChild(CompositeMetadataRepository.java:171)
2024-06-13 21:23:16,057 [ERROR] LogOutputStream:75 - [STDERR_REDIRECT] 	at org.eclipse.equinox.internal.p2.metadata.repository.CompositeMetadataRepository.<init>(CompositeMetadataRepository.java:113)
2024-06-13 21:23:16,062 [ERROR] LogOutputStream:75 - [STDERR_REDIRECT] 	at org.eclipse.equinox.internal.p2.metadata.repository.CompositeMetadataRepositoryFactory.load(CompositeMetadataRepositoryFactory.java:124)
2024-06-13 21:23:16,065 [ERROR] LogOutputStream:75 - [STDERR_REDIRECT] 	at org.eclipse.equinox.internal.p2.metadata.repository.MetadataRepositoryManager.factoryLoad(MetadataRepositoryManager.java:63)
2024-06-13 21:23:16,070 [ERROR] LogOutputStream:75 - [STDERR_REDIRECT] 	at org.eclipse.equinox.internal.p2.repository.helpers.AbstractRepositoryManager.loadRepository(AbstractRepositoryManager.java:787)
2024-06-13 21:23:16,073 [ERROR] LogOutputStream:75 - [STDERR_REDIRECT] 	at org.eclipse.equinox.internal.p2.repository.helpers.AbstractRepositoryManager.loadRepository(AbstractRepositoryManager.java:685)
2024-06-13 21:23:16,078 [ERROR] LogOutputStream:75 - [STDERR_REDIRECT] 	at org.eclipse.equinox.internal.p2.metadata.repository.MetadataRepositoryManager.loadRepository(MetadataRepositoryManager.java:110)
